{"/Users/vinodkumarnandimandalam/Documents/learnings/ecommerce-app/src/App.tsx": {"path":"/Users/vinodkumarnandimandalam/Documents/learnings/ecommerce-app/src/App.tsx","statementMap":{"0":{"start":{"line":1,"column":0},"end":{"line":1,"column":49}},"1":{"start":{"line":2,"column":0},"end":{"line":2,"column":48}},"2":{"start":{"line":3,"column":0},"end":{"line":3,"column":48}},"3":{"start":{"line":4,"column":0},"end":{"line":4,"column":37}},"4":{"start":{"line":5,"column":0},"end":{"line":5,"column":37}},"5":{"start":{"line":6,"column":0},"end":{"line":6,"column":42}},"6":{"start":{"line":7,"column":0},"end":{"line":7,"column":54}},"7":{"start":{"line":10,"column":2},"end":{"line":23,"column":4}},"8":{"start":{"line":26,"column":0},"end":{"line":26,"column":19}}},"fnMap":{"0":{"name":"App","decl":{"start":{"line":9,"column":9},"end":{"line":9,"column":12}},"loc":{"start":{"line":9,"column":12},"end":{"line":24,"column":1}}}},"branchMap":{},"s":{"0":1,"1":1,"2":1,"3":1,"4":1,"5":1,"6":1,"7":4,"8":1},"f":{"0":4},"b":{}}
,"/Users/vinodkumarnandimandalam/Documents/learnings/ecommerce-app/src/assets/images.ts": {"path":"/Users/vinodkumarnandimandalam/Documents/learnings/ecommerce-app/src/assets/images.ts","statementMap":{"0":{"start":{"line":1,"column":0},"end":{"line":1,"column":7}},"1":{"start":{"line":5,"column":9},"end":{"line":1,"column":34}},"2":{"start":{"line":2,"column":0},"end":{"line":2,"column":7}},"3":{"start":{"line":5,"column":20},"end":{"line":2,"column":38}},"4":{"start":{"line":3,"column":0},"end":{"line":3,"column":7}},"5":{"start":{"line":5,"column":33},"end":{"line":3,"column":34}}},"fnMap":{},"branchMap":{},"s":{"0":6,"1":6,"2":6,"3":6,"4":6,"5":6},"f":{},"b":{}}
,"/Users/vinodkumarnandimandalam/Documents/learnings/ecommerce-app/src/components/Cart/Cart.tsx": {"path":"/Users/vinodkumarnandimandalam/Documents/learnings/ecommerce-app/src/components/Cart/Cart.tsx","statementMap":{"0":{"start":{"line":1,"column":0},"end":{"line":1,"column":42}},"1":{"start":{"line":3,"column":0},"end":{"line":3,"column":53}},"2":{"start":{"line":4,"column":0},"end":{"line":4,"column":47}},"3":{"start":{"line":6,"column":13},"end":{"line":36,"column":1}},"4":{"start":{"line":7,"column":25},"end":{"line":8,"column":null}},"5":{"start":{"line":8,"column":26},"end":{"line":8,"column":51}},"6":{"start":{"line":10,"column":2},"end":{"line":35,"column":4}},"7":{"start":{"line":19,"column":10},"end":{"line":19,"column":null}},"8":{"start":{"line":38,"column":0},"end":{"line":38,"column":20}}},"fnMap":{"0":{"name":"(anonymous_1)","decl":{"start":{"line":6,"column":13},"end":{"line":6,"column":16}},"loc":{"start":{"line":6,"column":18},"end":{"line":36,"column":1}}},"1":{"name":"(anonymous_2)","decl":{"start":{"line":8,"column":4},"end":{"line":8,"column":5}},"loc":{"start":{"line":8,"column":26},"end":{"line":8,"column":51}}},"2":{"name":"(anonymous_3)","decl":{"start":{"line":18,"column":28},"end":{"line":18,"column":29}},"loc":{"start":{"line":19,"column":10},"end":{"line":19,"column":null}}}},"branchMap":{"0":{"loc":{"start":{"line":25,"column":7},"end":{"line":32,"column":null}},"type":"cond-expr","locations":[{"start":{"line":26,"column":8},"end":{"line":29,"column":null}},{"start":{"line":32,"column":8},"end":{"line":32,"column":38}}]}},"s":{"0":2,"1":2,"2":2,"3":2,"4":3,"5":6,"6":3,"7":2,"8":2},"f":{"0":3,"1":6,"2":2},"b":{"0":[2,1]}}
,"/Users/vinodkumarnandimandalam/Documents/learnings/ecommerce-app/src/components/Cart/state/Cart.slice.ts": {"path":"/Users/vinodkumarnandimandalam/Documents/learnings/ecommerce-app/src/components/Cart/state/Cart.slice.ts","statementMap":{"0":{"start":{"line":1,"column":0},"end":{"line":1,"column":47}},"1":{"start":{"line":16,"column":32},"end":{"line":21,"column":2}},"2":{"start":{"line":23,"column":13},"end":{"line":85,"column":3}},"3":{"start":{"line":28,"column":34},"end":{"line":28,"column":48}},"4":{"start":{"line":29,"column":30},"end":{"line":30,"column":null}},"5":{"start":{"line":30,"column":21},"end":{"line":30,"column":38}},"6":{"start":{"line":32,"column":6},"end":{"line":36,"column":7}},"7":{"start":{"line":33,"column":8},"end":{"line":33,"column":35}},"8":{"start":{"line":35,"column":8},"end":{"line":35,"column":68}},"9":{"start":{"line":37,"column":6},"end":{"line":37,"column":32}},"10":{"start":{"line":38,"column":6},"end":{"line":38,"column":28}},"11":{"start":{"line":41,"column":21},"end":{"line":41,"column":35}},"12":{"start":{"line":42,"column":30},"end":{"line":43,"column":null}},"13":{"start":{"line":43,"column":21},"end":{"line":43,"column":38}},"14":{"start":{"line":45,"column":6},"end":{"line":47,"column":7}},"15":{"start":{"line":46,"column":8},"end":{"line":46,"column":35}},"16":{"start":{"line":48,"column":6},"end":{"line":48,"column":54}},"17":{"start":{"line":49,"column":6},"end":{"line":49,"column":28}},"18":{"start":{"line":52,"column":21},"end":{"line":52,"column":35}},"19":{"start":{"line":53,"column":30},"end":{"line":54,"column":null}},"20":{"start":{"line":54,"column":21},"end":{"line":54,"column":38}},"21":{"start":{"line":56,"column":6},"end":{"line":58,"column":7}},"22":{"start":{"line":57,"column":8},"end":{"line":57,"column":35}},"23":{"start":{"line":59,"column":6},"end":{"line":59,"column":54}},"24":{"start":{"line":60,"column":6},"end":{"line":60,"column":28}},"25":{"start":{"line":63,"column":21},"end":{"line":63,"column":35}},"26":{"start":{"line":64,"column":30},"end":{"line":65,"column":null}},"27":{"start":{"line":65,"column":21},"end":{"line":65,"column":38}},"28":{"start":{"line":67,"column":6},"end":{"line":71,"column":7}},"29":{"start":{"line":68,"column":8},"end":{"line":69,"column":71}},"30":{"start":{"line":70,"column":8},"end":{"line":70,"column":62}},"31":{"start":{"line":72,"column":6},"end":{"line":74,"column":8}},"32":{"start":{"line":73,"column":21},"end":{"line":73,"column":38}},"33":{"start":{"line":77,"column":6},"end":{"line":77,"column":32}},"34":{"start":{"line":78,"column":6},"end":{"line":78,"column":27}},"35":{"start":{"line":79,"column":6},"end":{"line":79,"column":30}},"36":{"start":{"line":82,"column":6},"end":{"line":82,"column":37}},"37":{"start":{"line":87,"column":0},"end":{"line":87,"column":33}},"38":{"start":{"line":88,"column":13},"end":{"line":94,"column":null}}},"fnMap":{"0":{"name":"(anonymous_0)","decl":{"start":{"line":27,"column":22},"end":{"line":27,"column":23}},"loc":{"start":{"line":27,"column":40},"end":{"line":39,"column":5}}},"1":{"name":"(anonymous_1)","decl":{"start":{"line":30,"column":8},"end":{"line":30,"column":9}},"loc":{"start":{"line":30,"column":21},"end":{"line":30,"column":38}}},"2":{"name":"(anonymous_2)","decl":{"start":{"line":40,"column":29},"end":{"line":40,"column":30}},"loc":{"start":{"line":40,"column":47},"end":{"line":50,"column":5}}},"3":{"name":"(anonymous_3)","decl":{"start":{"line":43,"column":8},"end":{"line":43,"column":9}},"loc":{"start":{"line":43,"column":21},"end":{"line":43,"column":38}}},"4":{"name":"(anonymous_4)","decl":{"start":{"line":51,"column":29},"end":{"line":51,"column":30}},"loc":{"start":{"line":51,"column":47},"end":{"line":61,"column":5}}},"5":{"name":"(anonymous_5)","decl":{"start":{"line":54,"column":8},"end":{"line":54,"column":9}},"loc":{"start":{"line":54,"column":21},"end":{"line":54,"column":38}}},"6":{"name":"(anonymous_6)","decl":{"start":{"line":62,"column":27},"end":{"line":62,"column":28}},"loc":{"start":{"line":62,"column":45},"end":{"line":75,"column":5}}},"7":{"name":"(anonymous_7)","decl":{"start":{"line":65,"column":8},"end":{"line":65,"column":9}},"loc":{"start":{"line":65,"column":21},"end":{"line":65,"column":38}}},"8":{"name":"(anonymous_8)","decl":{"start":{"line":73,"column":8},"end":{"line":73,"column":9}},"loc":{"start":{"line":73,"column":21},"end":{"line":73,"column":38}}},"9":{"name":"(anonymous_9)","decl":{"start":{"line":76,"column":26},"end":{"line":76,"column":27}},"loc":{"start":{"line":76,"column":36},"end":{"line":80,"column":5}}},"10":{"name":"(anonymous_10)","decl":{"start":{"line":81,"column":16},"end":{"line":81,"column":17}},"loc":{"start":{"line":81,"column":34},"end":{"line":83,"column":5}}}},"branchMap":{"0":{"loc":{"start":{"line":32,"column":6},"end":{"line":36,"column":7}},"type":"if","locations":[{"start":{"line":32,"column":6},"end":{"line":36,"column":7}},{"start":{"line":34,"column":13},"end":{"line":36,"column":7}}]},"1":{"loc":{"start":{"line":45,"column":6},"end":{"line":47,"column":7}},"type":"if","locations":[{"start":{"line":45,"column":6},"end":{"line":47,"column":7}},{"start":{},"end":{}}]},"2":{"loc":{"start":{"line":48,"column":26},"end":{"line":48,"column":53}},"type":"binary-expr","locations":[{"start":{"line":48,"column":26},"end":{"line":48,"column":48}},{"start":{"line":48,"column":52},"end":{"line":48,"column":53}}]},"3":{"loc":{"start":{"line":48,"column":26},"end":{"line":48,"column":48}},"type":"cond-expr","locations":[{"start":{"line":48,"column":41},"end":{"line":48,"column":43}},{"start":{"line":48,"column":26},"end":{"line":48,"column":48}}]},"4":{"loc":{"start":{"line":48,"column":26},"end":{"line":48,"column":43}},"type":"binary-expr","locations":[{"start":{"line":48,"column":26},"end":{"line":48,"column":43}},{"start":{"line":48,"column":26},"end":{"line":48,"column":43}}]},"5":{"loc":{"start":{"line":56,"column":6},"end":{"line":58,"column":7}},"type":"if","locations":[{"start":{"line":56,"column":6},"end":{"line":58,"column":7}},{"start":{},"end":{}}]},"6":{"loc":{"start":{"line":59,"column":26},"end":{"line":59,"column":53}},"type":"binary-expr","locations":[{"start":{"line":59,"column":26},"end":{"line":59,"column":48}},{"start":{"line":59,"column":52},"end":{"line":59,"column":53}}]},"7":{"loc":{"start":{"line":59,"column":26},"end":{"line":59,"column":48}},"type":"cond-expr","locations":[{"start":{"line":59,"column":41},"end":{"line":59,"column":43}},{"start":{"line":59,"column":26},"end":{"line":59,"column":48}}]},"8":{"loc":{"start":{"line":59,"column":26},"end":{"line":59,"column":43}},"type":"binary-expr","locations":[{"start":{"line":59,"column":26},"end":{"line":59,"column":43}},{"start":{"line":59,"column":26},"end":{"line":59,"column":43}}]},"9":{"loc":{"start":{"line":67,"column":6},"end":{"line":71,"column":7}},"type":"if","locations":[{"start":{"line":67,"column":6},"end":{"line":71,"column":7}},{"start":{},"end":{}}]},"10":{"loc":{"start":{"line":69,"column":10},"end":{"line":69,"column":70}},"type":"binary-expr","locations":[{"start":{"line":69,"column":10},"end":{"line":69,"column":32}},{"start":{"line":69,"column":36},"end":{"line":69,"column":69}},{"start":{"line":69,"column":69},"end":{"line":69,"column":70}}]},"11":{"loc":{"start":{"line":69,"column":10},"end":{"line":69,"column":32}},"type":"cond-expr","locations":[{"start":{"line":69,"column":25},"end":{"line":69,"column":27}},{"start":{"line":69,"column":10},"end":{"line":69,"column":32}}]},"12":{"loc":{"start":{"line":69,"column":10},"end":{"line":69,"column":27}},"type":"binary-expr","locations":[{"start":{"line":69,"column":10},"end":{"line":69,"column":27}},{"start":{"line":69,"column":10},"end":{"line":69,"column":27}}]},"13":{"loc":{"start":{"line":69,"column":40},"end":{"line":69,"column":65}},"type":"cond-expr","locations":[{"start":{"line":69,"column":55},"end":{"line":69,"column":57}},{"start":{"line":69,"column":40},"end":{"line":69,"column":65}}]},"14":{"loc":{"start":{"line":69,"column":40},"end":{"line":69,"column":57}},"type":"binary-expr","locations":[{"start":{"line":69,"column":40},"end":{"line":69,"column":57}},{"start":{"line":69,"column":40},"end":{"line":69,"column":57}}]},"15":{"loc":{"start":{"line":70,"column":31},"end":{"line":70,"column":61}},"type":"binary-expr","locations":[{"start":{"line":70,"column":31},"end":{"line":70,"column":56}},{"start":{"line":70,"column":60},"end":{"line":70,"column":61}}]},"16":{"loc":{"start":{"line":70,"column":31},"end":{"line":70,"column":56}},"type":"cond-expr","locations":[{"start":{"line":70,"column":46},"end":{"line":70,"column":48}},{"start":{"line":70,"column":31},"end":{"line":70,"column":56}}]},"17":{"loc":{"start":{"line":70,"column":31},"end":{"line":70,"column":48}},"type":"binary-expr","locations":[{"start":{"line":70,"column":31},"end":{"line":70,"column":48}},{"start":{"line":70,"column":31},"end":{"line":70,"column":48}}]}},"s":{"0":9,"1":9,"2":9,"3":0,"4":0,"5":0,"6":0,"7":0,"8":0,"9":0,"10":0,"11":2,"12":2,"13":2,"14":2,"15":2,"16":2,"17":2,"18":0,"19":0,"20":0,"21":0,"22":0,"23":0,"24":0,"25":1,"26":1,"27":1,"28":1,"29":1,"30":1,"31":1,"32":1,"33":0,"34":0,"35":0,"36":0,"37":9,"38":9},"f":{"0":0,"1":0,"2":2,"3":2,"4":0,"5":0,"6":1,"7":1,"8":1,"9":0,"10":0},"b":{"0":[0,0],"1":[2,0],"2":[2,0],"3":[0,2],"4":[2,2],"5":[0,0],"6":[0,0],"7":[0,0],"8":[0,0],"9":[1,0],"10":[1,0,0],"11":[0,1],"12":[1,1],"13":[0,0],"14":[0,0],"15":[1,0],"16":[0,1],"17":[1,1]}}
,"/Users/vinodkumarnandimandalam/Documents/learnings/ecommerce-app/src/components/CartProduct/CartProduct.tsx": {"path":"/Users/vinodkumarnandimandalam/Documents/learnings/ecommerce-app/src/components/CartProduct/CartProduct.tsx","statementMap":{"0":{"start":{"line":1,"column":0},"end":{"line":1,"column":42}},"1":{"start":{"line":4,"column":0},"end":{"line":4,"column":42}},"2":{"start":{"line":7,"column":0},"end":{"line":7,"column":53}},"3":{"start":{"line":8,"column":0},"end":{"line":8,"column":41}},"4":{"start":{"line":10,"column":20},"end":{"line":75,"column":1}},"5":{"start":{"line":11,"column":19},"end":{"line":11,"column":45}},"6":{"start":{"line":16,"column":6},"end":{"line":16,"column":23}},"7":{"start":{"line":18,"column":19},"end":{"line":18,"column":77}},"8":{"start":{"line":18,"column":53},"end":{"line":18,"column":76}},"9":{"start":{"line":19,"column":54},"end":{"line":20,"column":null}},"10":{"start":{"line":20,"column":17},"end":{"line":20,"column":46}},"11":{"start":{"line":23,"column":33},"end":{"line":25,"column":3}},"12":{"start":{"line":24,"column":4},"end":{"line":24,"column":62}},"13":{"start":{"line":27,"column":33},"end":{"line":29,"column":3}},"14":{"start":{"line":28,"column":4},"end":{"line":28,"column":62}},"15":{"start":{"line":31,"column":31},"end":{"line":33,"column":3}},"16":{"start":{"line":32,"column":4},"end":{"line":32,"column":60}},"17":{"start":{"line":35,"column":2},"end":{"line":74,"column":4}},"18":{"start":{"line":77,"column":0},"end":{"line":77,"column":27}}},"fnMap":{"0":{"name":"(anonymous_0)","decl":{"start":{"line":10,"column":20},"end":{"line":10,"column":21}},"loc":{"start":{"line":10,"column":69},"end":{"line":75,"column":1}}},"1":{"name":"(anonymous_1)","decl":{"start":{"line":18,"column":31},"end":{"line":18,"column":32}},"loc":{"start":{"line":18,"column":53},"end":{"line":18,"column":76}}},"2":{"name":"(anonymous_2)","decl":{"start":{"line":20,"column":4},"end":{"line":20,"column":5}},"loc":{"start":{"line":20,"column":17},"end":{"line":20,"column":46}}},"3":{"name":"(anonymous_3)","decl":{"start":{"line":23,"column":33},"end":{"line":23,"column":36}},"loc":{"start":{"line":23,"column":38},"end":{"line":25,"column":3}}},"4":{"name":"(anonymous_4)","decl":{"start":{"line":27,"column":33},"end":{"line":27,"column":36}},"loc":{"start":{"line":27,"column":38},"end":{"line":29,"column":3}}},"5":{"name":"(anonymous_5)","decl":{"start":{"line":31,"column":31},"end":{"line":31,"column":34}},"loc":{"start":{"line":31,"column":36},"end":{"line":33,"column":3}}}},"branchMap":{"0":{"loc":{"start":{"line":42,"column":15},"end":{"line":42,"column":43}},"type":"cond-expr","locations":[{"start":{"line":42,"column":36},"end":{"line":42,"column":38}},{"start":{"line":42,"column":15},"end":{"line":42,"column":43}}]},"1":{"loc":{"start":{"line":42,"column":15},"end":{"line":42,"column":38}},"type":"binary-expr","locations":[{"start":{"line":42,"column":15},"end":{"line":42,"column":38}},{"start":{"line":42,"column":15},"end":{"line":42,"column":38}}]},"2":{"loc":{"start":{"line":43,"column":15},"end":{"line":43,"column":43}},"type":"cond-expr","locations":[{"start":{"line":43,"column":36},"end":{"line":43,"column":38}},{"start":{"line":43,"column":15},"end":{"line":43,"column":43}}]},"3":{"loc":{"start":{"line":43,"column":15},"end":{"line":43,"column":38}},"type":"binary-expr","locations":[{"start":{"line":43,"column":15},"end":{"line":43,"column":38}},{"start":{"line":43,"column":15},"end":{"line":43,"column":38}}]},"4":{"loc":{"start":{"line":50,"column":13},"end":{"line":50,"column":41}},"type":"cond-expr","locations":[{"start":{"line":50,"column":34},"end":{"line":50,"column":36}},{"start":{"line":50,"column":13},"end":{"line":50,"column":41}}]},"5":{"loc":{"start":{"line":50,"column":13},"end":{"line":50,"column":36}},"type":"binary-expr","locations":[{"start":{"line":50,"column":13},"end":{"line":50,"column":36}},{"start":{"line":50,"column":13},"end":{"line":50,"column":36}}]},"6":{"loc":{"start":{"line":56,"column":17},"end":{"line":56,"column":45}},"type":"cond-expr","locations":[{"start":{"line":56,"column":38},"end":{"line":56,"column":40}},{"start":{"line":56,"column":17},"end":{"line":56,"column":45}}]},"7":{"loc":{"start":{"line":56,"column":17},"end":{"line":56,"column":40}},"type":"binary-expr","locations":[{"start":{"line":56,"column":17},"end":{"line":56,"column":40}},{"start":{"line":56,"column":17},"end":{"line":56,"column":40}}]}},"s":{"0":3,"1":3,"2":3,"3":3,"4":3,"5":7,"6":7,"7":7,"8":17,"9":7,"10":5,"11":7,"12":2,"13":7,"14":0,"15":7,"16":1,"17":7,"18":3},"f":{"0":7,"1":17,"2":5,"3":2,"4":0,"5":1},"b":{"0":[2,5],"1":[7,7],"2":[2,5],"3":[7,7],"4":[2,5],"5":[7,7],"6":[2,5],"7":[7,7]}}
,"/Users/vinodkumarnandimandalam/Documents/learnings/ecommerce-app/src/components/CartTotal/CartTotal.tsx": {"path":"/Users/vinodkumarnandimandalam/Documents/learnings/ecommerce-app/src/components/CartTotal/CartTotal.tsx","statementMap":{"0":{"start":{"line":1,"column":0},"end":{"line":1,"column":55}},"1":{"start":{"line":3,"column":0},"end":{"line":3,"column":33}},"2":{"start":{"line":4,"column":0},"end":{"line":4,"column":35}},"3":{"start":{"line":5,"column":0},"end":{"line":5,"column":54}},"4":{"start":{"line":6,"column":0},"end":{"line":6,"column":47}},"5":{"start":{"line":8,"column":18},"end":{"line":80,"column":1}},"6":{"start":{"line":9,"column":49},"end":{"line":10,"column":null}},"7":{"start":{"line":10,"column":26},"end":{"line":10,"column":36}},"8":{"start":{"line":13,"column":46},"end":{"line":13,"column":66}},"9":{"start":{"line":15,"column":19},"end":{"line":15,"column":32}},"10":{"start":{"line":16,"column":19},"end":{"line":16,"column":32}},"11":{"start":{"line":18,"column":50},"end":{"line":18,"column":65}},"12":{"start":{"line":20,"column":25},"end":{"line":22,"column":3}},"13":{"start":{"line":21,"column":4},"end":{"line":21,"column":26}},"14":{"start":{"line":24,"column":33},"end":{"line":39,"column":3}},"15":{"start":{"line":25,"column":4},"end":{"line":38,"column":6}},"16":{"start":{"line":32,"column":12},"end":{"line":32,"column":31}},"17":{"start":{"line":33,"column":12},"end":{"line":33,"column":53}},"18":{"start":{"line":41,"column":17},"end":{"line":43,"column":3}},"19":{"start":{"line":42,"column":4},"end":{"line":42,"column":41}},"20":{"start":{"line":45,"column":2},"end":{"line":79,"column":4}},"21":{"start":{"line":56,"column":10},"end":{"line":56,"column":36}},"22":{"start":{"line":82,"column":0},"end":{"line":82,"column":25}}},"fnMap":{"0":{"name":"(anonymous_1)","decl":{"start":{"line":8,"column":18},"end":{"line":8,"column":21}},"loc":{"start":{"line":8,"column":23},"end":{"line":80,"column":1}}},"1":{"name":"(anonymous_2)","decl":{"start":{"line":10,"column":4},"end":{"line":10,"column":5}},"loc":{"start":{"line":10,"column":26},"end":{"line":10,"column":36}}},"2":{"name":"(anonymous_3)","decl":{"start":{"line":20,"column":25},"end":{"line":20,"column":28}},"loc":{"start":{"line":20,"column":30},"end":{"line":22,"column":3}}},"3":{"name":"(anonymous_4)","decl":{"start":{"line":24,"column":33},"end":{"line":24,"column":36}},"loc":{"start":{"line":24,"column":38},"end":{"line":39,"column":3}}},"4":{"name":"(anonymous_5)","decl":{"start":{"line":31,"column":20},"end":{"line":31,"column":21}},"loc":{"start":{"line":31,"column":26},"end":{"line":34,"column":11}}},"5":{"name":"(anonymous_6)","decl":{"start":{"line":41,"column":17},"end":{"line":41,"column":20}},"loc":{"start":{"line":41,"column":22},"end":{"line":43,"column":3}}},"6":{"name":"(anonymous_7)","decl":{"start":{"line":55,"column":17},"end":{"line":55,"column":20}},"loc":{"start":{"line":55,"column":22},"end":{"line":57,"column":9}}}},"branchMap":{"0":{"loc":{"start":{"line":61,"column":7},"end":{"line":68,"column":null}},"type":"binary-expr","locations":[{"start":{"line":61,"column":7},"end":{"line":61,"column":23}},{"start":{"line":62,"column":8},"end":{"line":67,"column":null}}]}},"s":{"0":3,"1":3,"2":3,"3":3,"4":3,"5":3,"6":6,"7":12,"8":6,"9":6,"10":6,"11":6,"12":6,"13":0,"14":6,"15":0,"16":0,"17":0,"18":6,"19":0,"20":6,"21":0,"22":3},"f":{"0":6,"1":12,"2":0,"3":0,"4":0,"5":0,"6":0},"b":{"0":[6,0]}}
,"/Users/vinodkumarnandimandalam/Documents/learnings/ecommerce-app/src/components/Checkout/Checkout.tsx": {"path":"/Users/vinodkumarnandimandalam/Documents/learnings/ecommerce-app/src/components/Checkout/Checkout.tsx","statementMap":{"0":{"start":{"line":1,"column":0},"end":{"line":1,"column":40}},"1":{"start":{"line":2,"column":0},"end":{"line":2,"column":48}},"2":{"start":{"line":3,"column":0},"end":{"line":3,"column":42}},"3":{"start":{"line":5,"column":0},"end":{"line":5,"column":47}},"4":{"start":{"line":6,"column":0},"end":{"line":6,"column":64}},"5":{"start":{"line":7,"column":0},"end":{"line":7,"column":42}},"6":{"start":{"line":19,"column":17},"end":{"line":270,"column":1}},"7":{"start":{"line":20,"column":25},"end":{"line":20,"column":70}},"8":{"start":{"line":20,"column":59},"end":{"line":20,"column":69}},"9":{"start":{"line":21,"column":19},"end":{"line":21,"column":32}},"10":{"start":{"line":22,"column":19},"end":{"line":22,"column":32}},"11":{"start":{"line":23,"column":34},"end":{"line":30,"column":4}},"12":{"start":{"line":32,"column":30},"end":{"line":39,"column":4}},"13":{"start":{"line":42,"column":4},"end":{"line":49,"column":5}},"14":{"start":{"line":42,"column":39},"end":{"line":49,"column":5}},"15":{"start":{"line":43,"column":6},"end":{"line":43,"column":59}},"16":{"start":{"line":43,"column":28},"end":{"line":43,"column":57}},"17":{"start":{"line":46,"column":6},"end":{"line":48,"column":7}},"18":{"start":{"line":47,"column":8},"end":{"line":47,"column":56}},"19":{"start":{"line":47,"column":28},"end":{"line":47,"column":54}},"20":{"start":{"line":51,"column":23},"end":{"line":104,"column":3}},"21":{"start":{"line":52,"column":40},"end":{"line":59,"column":6}},"22":{"start":{"line":62,"column":4},"end":{"line":64,"column":5}},"23":{"start":{"line":63,"column":6},"end":{"line":63,"column":42}},"24":{"start":{"line":67,"column":4},"end":{"line":71,"column":5}},"25":{"start":{"line":68,"column":6},"end":{"line":68,"column":44}},"26":{"start":{"line":69,"column":11},"end":{"line":71,"column":5}},"27":{"start":{"line":70,"column":6},"end":{"line":70,"column":61}},"28":{"start":{"line":74,"column":4},"end":{"line":81,"column":5}},"29":{"start":{"line":75,"column":6},"end":{"line":75,"column":51}},"30":{"start":{"line":77,"column":27},"end":{"line":77,"column":60}},"31":{"start":{"line":78,"column":6},"end":{"line":80,"column":7}},"32":{"start":{"line":79,"column":8},"end":{"line":79,"column":62}},"33":{"start":{"line":84,"column":4},"end":{"line":86,"column":5}},"34":{"start":{"line":85,"column":6},"end":{"line":85,"column":48}},"35":{"start":{"line":89,"column":4},"end":{"line":91,"column":5}},"36":{"start":{"line":90,"column":6},"end":{"line":90,"column":42}},"37":{"start":{"line":94,"column":4},"end":{"line":98,"column":5}},"38":{"start":{"line":95,"column":6},"end":{"line":95,"column":49}},"39":{"start":{"line":96,"column":11},"end":{"line":98,"column":5}},"40":{"start":{"line":97,"column":6},"end":{"line":97,"column":80}},"41":{"start":{"line":100,"column":4},"end":{"line":100,"column":25}},"42":{"start":{"line":101,"column":4},"end":{"line":103,"column":6}},"43":{"start":{"line":102,"column":15},"end":{"line":102,"column":62}},"44":{"start":{"line":106,"column":23},"end":{"line":116,"column":3}},"45":{"start":{"line":107,"column":4},"end":{"line":107,"column":23}},"46":{"start":{"line":109,"column":4},"end":{"line":115,"column":5}},"47":{"start":{"line":110,"column":6},"end":{"line":110,"column":53}},"48":{"start":{"line":111,"column":6},"end":{"line":111,"column":39}},"49":{"start":{"line":112,"column":6},"end":{"line":112,"column":20}},"50":{"start":{"line":114,"column":6},"end":{"line":114,"column":56}},"51":{"start":{"line":118,"column":22},"end":{"line":135,"column":3}},"52":{"start":{"line":119,"column":4},"end":{"line":126,"column":7}},"53":{"start":{"line":127,"column":4},"end":{"line":134,"column":7}},"54":{"start":{"line":137,"column":2},"end":{"line":269,"column":4}},"55":{"start":{"line":272,"column":0},"end":{"line":272,"column":24}}},"fnMap":{"0":{"name":"(anonymous_1)","decl":{"start":{"line":19,"column":17},"end":{"line":19,"column":20}},"loc":{"start":{"line":19,"column":22},"end":{"line":270,"column":1}}},"1":{"name":"(anonymous_2)","decl":{"start":{"line":20,"column":37},"end":{"line":20,"column":38}},"loc":{"start":{"line":20,"column":59},"end":{"line":20,"column":69}}},"2":{"name":"(anonymous_3)","decl":{"start":{"line":42,"column":4},"end":{"line":42,"column":5}},"loc":{"start":{"line":42,"column":39},"end":{"line":49,"column":5}}},"3":{"name":"(anonymous_4)","decl":{"start":{"line":42,"column":39},"end":{"line":42,"column":40}},"loc":{"start":{"line":42,"column":57},"end":{"line":49,"column":5}}},"4":{"name":"(anonymous_5)","decl":{"start":{"line":43,"column":18},"end":{"line":43,"column":19}},"loc":{"start":{"line":43,"column":28},"end":{"line":43,"column":57}}},"5":{"name":"(anonymous_6)","decl":{"start":{"line":47,"column":18},"end":{"line":47,"column":19}},"loc":{"start":{"line":47,"column":28},"end":{"line":47,"column":54}}},"6":{"name":"(anonymous_7)","decl":{"start":{"line":51,"column":23},"end":{"line":51,"column":35}},"loc":{"start":{"line":51,"column":37},"end":{"line":104,"column":3}}},"7":{"name":"(anonymous_8)","decl":{"start":{"line":102,"column":6},"end":{"line":102,"column":7}},"loc":{"start":{"line":102,"column":15},"end":{"line":102,"column":62}}},"8":{"name":"(anonymous_9)","decl":{"start":{"line":106,"column":23},"end":{"line":106,"column":24}},"loc":{"start":{"line":106,"column":46},"end":{"line":116,"column":3}}},"9":{"name":"(anonymous_10)","decl":{"start":{"line":118,"column":22},"end":{"line":118,"column":25}},"loc":{"start":{"line":118,"column":27},"end":{"line":135,"column":3}}}},"branchMap":{"0":{"loc":{"start":{"line":46,"column":6},"end":{"line":48,"column":7}},"type":"if","locations":[{"start":{"line":46,"column":6},"end":{"line":48,"column":7}},{"start":{},"end":{}}]},"1":{"loc":{"start":{"line":62,"column":4},"end":{"line":64,"column":5}},"type":"if","locations":[{"start":{"line":62,"column":4},"end":{"line":64,"column":5}},{"start":{},"end":{}}]},"2":{"loc":{"start":{"line":67,"column":4},"end":{"line":71,"column":5}},"type":"if","locations":[{"start":{"line":67,"column":4},"end":{"line":71,"column":5}},{"start":{"line":69,"column":11},"end":{"line":71,"column":5}}]},"3":{"loc":{"start":{"line":69,"column":11},"end":{"line":71,"column":5}},"type":"if","locations":[{"start":{"line":69,"column":11},"end":{"line":71,"column":5}},{"start":{},"end":{}}]},"4":{"loc":{"start":{"line":74,"column":4},"end":{"line":81,"column":5}},"type":"if","locations":[{"start":{"line":74,"column":4},"end":{"line":81,"column":5}},{"start":{"line":76,"column":11},"end":{"line":81,"column":5}}]},"5":{"loc":{"start":{"line":78,"column":6},"end":{"line":80,"column":7}},"type":"if","locations":[{"start":{"line":78,"column":6},"end":{"line":80,"column":7}},{"start":{},"end":{}}]},"6":{"loc":{"start":{"line":84,"column":4},"end":{"line":86,"column":5}},"type":"if","locations":[{"start":{"line":84,"column":4},"end":{"line":86,"column":5}},{"start":{},"end":{}}]},"7":{"loc":{"start":{"line":89,"column":4},"end":{"line":91,"column":5}},"type":"if","locations":[{"start":{"line":89,"column":4},"end":{"line":91,"column":5}},{"start":{},"end":{}}]},"8":{"loc":{"start":{"line":94,"column":4},"end":{"line":98,"column":5}},"type":"if","locations":[{"start":{"line":94,"column":4},"end":{"line":98,"column":5}},{"start":{"line":96,"column":11},"end":{"line":98,"column":5}}]},"9":{"loc":{"start":{"line":96,"column":11},"end":{"line":98,"column":5}},"type":"if","locations":[{"start":{"line":96,"column":11},"end":{"line":98,"column":5}},{"start":{},"end":{}}]},"10":{"loc":{"start":{"line":109,"column":4},"end":{"line":115,"column":5}},"type":"if","locations":[{"start":{"line":109,"column":4},"end":{"line":115,"column":5}},{"start":{"line":113,"column":11},"end":{"line":115,"column":5}}]}},"s":{"0":2,"1":2,"2":2,"3":2,"4":2,"5":2,"6":2,"7":7,"8":14,"9":7,"10":7,"11":7,"12":7,"13":7,"14":42,"15":0,"16":0,"17":0,"18":0,"19":0,"20":7,"21":0,"22":0,"23":0,"24":0,"25":0,"26":0,"27":0,"28":0,"29":0,"30":0,"31":0,"32":0,"33":0,"34":0,"35":0,"36":0,"37":0,"38":0,"39":0,"40":0,"41":0,"42":0,"43":0,"44":7,"45":0,"46":0,"47":0,"48":0,"49":0,"50":0,"51":7,"52":0,"53":0,"54":7,"55":2},"f":{"0":7,"1":14,"2":42,"3":0,"4":0,"5":0,"6":0,"7":0,"8":0,"9":0},"b":{"0":[0,0],"1":[0,0],"2":[0,0],"3":[0,0],"4":[0,0],"5":[0,0],"6":[0,0],"7":[0,0],"8":[0,0],"9":[0,0],"10":[0,0]}}
,"/Users/vinodkumarnandimandalam/Documents/learnings/ecommerce-app/src/components/Footer/Footer.tsx": {"path":"/Users/vinodkumarnandimandalam/Documents/learnings/ecommerce-app/src/components/Footer/Footer.tsx","statementMap":{"0":{"start":{"line":1,"column":0},"end":{"line":1,"column":80}},"1":{"start":{"line":3,"column":15},"end":{"line":21,"column":1}},"2":{"start":{"line":4,"column":2},"end":{"line":20,"column":4}},"3":{"start":{"line":23,"column":0},"end":{"line":23,"column":22}}},"fnMap":{"0":{"name":"(anonymous_0)","decl":{"start":{"line":3,"column":15},"end":{"line":3,"column":18}},"loc":{"start":{"line":3,"column":20},"end":{"line":21,"column":1}}}},"branchMap":{},"s":{"0":2,"1":2,"2":5,"3":2},"f":{"0":5},"b":{}}
,"/Users/vinodkumarnandimandalam/Documents/learnings/ecommerce-app/src/components/Navbar/Navbar.tsx": {"path":"/Users/vinodkumarnandimandalam/Documents/learnings/ecommerce-app/src/components/Navbar/Navbar.tsx","statementMap":{"0":{"start":{"line":1,"column":0},"end":{"line":1,"column":53}},"1":{"start":{"line":2,"column":0},"end":{"line":2,"column":72}},"2":{"start":{"line":3,"column":0},"end":{"line":3,"column":42}},"3":{"start":{"line":5,"column":0},"end":{"line":5,"column":47}},"4":{"start":{"line":7,"column":15},"end":{"line":78,"column":1}},"5":{"start":{"line":8,"column":28},"end":{"line":8,"column":73}},"6":{"start":{"line":8,"column":62},"end":{"line":8,"column":72}},"7":{"start":{"line":9,"column":19},"end":{"line":9,"column":32}},"8":{"start":{"line":10,"column":19},"end":{"line":10,"column":32}},"9":{"start":{"line":13,"column":19},"end":{"line":15,"column":3}},"10":{"start":{"line":14,"column":4},"end":{"line":14,"column":38}},"11":{"start":{"line":18,"column":25},"end":{"line":23,"column":3}},"12":{"start":{"line":19,"column":24},"end":{"line":19,"column":74}},"13":{"start":{"line":20,"column":26},"end":{"line":20,"column":60}},"14":{"start":{"line":22,"column":4},"end":{"line":22,"column":76}},"15":{"start":{"line":25,"column":2},"end":{"line":77,"column":4}},"16":{"start":{"line":46,"column":60},"end":{"line":46,"column":77}},"17":{"start":{"line":80,"column":0},"end":{"line":80,"column":22}}},"fnMap":{"0":{"name":"(anonymous_0)","decl":{"start":{"line":7,"column":15},"end":{"line":7,"column":18}},"loc":{"start":{"line":7,"column":20},"end":{"line":78,"column":1}}},"1":{"name":"(anonymous_1)","decl":{"start":{"line":8,"column":40},"end":{"line":8,"column":41}},"loc":{"start":{"line":8,"column":62},"end":{"line":8,"column":72}}},"2":{"name":"(anonymous_2)","decl":{"start":{"line":13,"column":19},"end":{"line":13,"column":20}},"loc":{"start":{"line":13,"column":36},"end":{"line":15,"column":3}}},"3":{"name":"(anonymous_3)","decl":{"start":{"line":18,"column":25},"end":{"line":18,"column":26}},"loc":{"start":{"line":18,"column":42},"end":{"line":23,"column":3}}},"4":{"name":"(anonymous_4)","decl":{"start":{"line":46,"column":54},"end":{"line":46,"column":57}},"loc":{"start":{"line":46,"column":60},"end":{"line":46,"column":77}}}},"branchMap":{"0":{"loc":{"start":{"line":22,"column":11},"end":{"line":22,"column":75}},"type":"cond-expr","locations":[{"start":{"line":22,"column":28},"end":{"line":22,"column":61}},{"start":{"line":22,"column":64},"end":{"line":22,"column":75}}]}},"s":{"0":5,"1":5,"2":5,"3":5,"4":5,"5":51,"6":102,"7":51,"8":51,"9":51,"10":204,"11":51,"12":204,"13":204,"14":204,"15":51,"16":0,"17":5},"f":{"0":51,"1":102,"2":204,"3":204,"4":0},"b":{"0":[50,154]}}
,"/Users/vinodkumarnandimandalam/Documents/learnings/ecommerce-app/src/components/Product/Product.tsx": {"path":"/Users/vinodkumarnandimandalam/Documents/learnings/ecommerce-app/src/components/Product/Product.tsx","statementMap":{"0":{"start":{"line":1,"column":0},"end":{"line":1,"column":40}},"1":{"start":{"line":3,"column":0},"end":{"line":3,"column":42}},"2":{"start":{"line":4,"column":0},"end":{"line":4,"column":60}},"3":{"start":{"line":7,"column":16},"end":{"line":55,"column":1}},"4":{"start":{"line":8,"column":19},"end":{"line":8,"column":45}},"5":{"start":{"line":10,"column":26},"end":{"line":18,"column":3}},"6":{"start":{"line":11,"column":4},"end":{"line":17,"column":6}},"7":{"start":{"line":20,"column":2},"end":{"line":54,"column":4}},"8":{"start":{"line":57,"column":0},"end":{"line":57,"column":23}}},"fnMap":{"0":{"name":"(anonymous_0)","decl":{"start":{"line":7,"column":16},"end":{"line":7,"column":17}},"loc":{"start":{"line":7,"column":55},"end":{"line":55,"column":1}}},"1":{"name":"(anonymous_1)","decl":{"start":{"line":10,"column":26},"end":{"line":10,"column":29}},"loc":{"start":{"line":10,"column":31},"end":{"line":18,"column":3}}}},"branchMap":{},"s":{"0":5,"1":5,"2":5,"3":5,"4":13,"5":13,"6":1,"7":13,"8":5},"f":{"0":13,"1":1},"b":{}}
,"/Users/vinodkumarnandimandalam/Documents/learnings/ecommerce-app/src/components/ProductList/ProductList.tsx": {"path":"/Users/vinodkumarnandimandalam/Documents/learnings/ecommerce-app/src/components/ProductList/ProductList.tsx","statementMap":{"0":{"start":{"line":2,"column":0},"end":{"line":2,"column":55}},"1":{"start":{"line":3,"column":0},"end":{"line":3,"column":34}},"2":{"start":{"line":5,"column":0},"end":{"line":5,"column":55}},"3":{"start":{"line":6,"column":0},"end":{"line":6,"column":41}},"4":{"start":{"line":8,"column":0},"end":{"line":8,"column":59}},"5":{"start":{"line":15,"column":20},"end":{"line":51,"column":1}},"6":{"start":{"line":16,"column":19},"end":{"line":16,"column":45}},"7":{"start":{"line":18,"column":31},"end":{"line":19,"column":null}},"8":{"start":{"line":19,"column":26},"end":{"line":19,"column":40}},"9":{"start":{"line":22,"column":2},"end":{"line":24,"column":30}},"10":{"start":{"line":23,"column":4},"end":{"line":23,"column":45}},"11":{"start":{"line":26,"column":2},"end":{"line":50,"column":4}},"12":{"start":{"line":43,"column":12},"end":{"line":43,"column":50}},"13":{"start":{"line":53,"column":0},"end":{"line":53,"column":27}}},"fnMap":{"0":{"name":"(anonymous_1)","decl":{"start":{"line":15,"column":20},"end":{"line":15,"column":21}},"loc":{"start":{"line":15,"column":58},"end":{"line":51,"column":1}}},"1":{"name":"(anonymous_2)","decl":{"start":{"line":19,"column":4},"end":{"line":19,"column":5}},"loc":{"start":{"line":19,"column":26},"end":{"line":19,"column":40}}},"2":{"name":"(anonymous_3)","decl":{"start":{"line":22,"column":12},"end":{"line":22,"column":15}},"loc":{"start":{"line":22,"column":17},"end":{"line":24,"column":3}}},"3":{"name":"(anonymous_4)","decl":{"start":{"line":42,"column":24},"end":{"line":42,"column":25}},"loc":{"start":{"line":43,"column":12},"end":{"line":43,"column":50}}}},"branchMap":{"0":{"loc":{"start":{"line":28,"column":7},"end":{"line":31,"column":null}},"type":"binary-expr","locations":[{"start":{"line":28,"column":7},"end":{"line":28,"column":39}},{"start":{"line":29,"column":8},"end":{"line":30,"column":null}}]},"1":{"loc":{"start":{"line":34,"column":7},"end":{"line":37,"column":null}},"type":"binary-expr","locations":[{"start":{"line":34,"column":7},"end":{"line":34,"column":38}},{"start":{"line":35,"column":8},"end":{"line":36,"column":null}}]},"2":{"loc":{"start":{"line":40,"column":7},"end":{"line":47,"column":null}},"type":"binary-expr","locations":[{"start":{"line":40,"column":7},"end":{"line":40,"column":43}},{"start":{"line":41,"column":8},"end":{"line":46,"column":null}}]}},"s":{"0":4,"1":4,"2":4,"3":4,"4":4,"5":4,"6":24,"7":24,"8":48,"9":24,"10":12,"11":24,"12":10,"13":4},"f":{"0":24,"1":48,"2":12,"3":10},"b":{"0":[24,2],"1":[24,2],"2":[24,20]}}
,"/Users/vinodkumarnandimandalam/Documents/learnings/ecommerce-app/src/components/ProductList/state/Products.slice.ts": {"path":"/Users/vinodkumarnandimandalam/Documents/learnings/ecommerce-app/src/components/ProductList/state/Products.slice.ts","statementMap":{"0":{"start":{"line":1,"column":0},"end":{"line":1,"column":47}},"1":{"start":{"line":3,"column":0},"end":{"line":3,"column":62}},"2":{"start":{"line":5,"column":0},"end":{"line":5,"column":49}},"3":{"start":{"line":12,"column":36},"end":{"line":15,"column":2}},"4":{"start":{"line":17,"column":13},"end":{"line":33,"column":3}},"5":{"start":{"line":22,"column":4},"end":{"line":24,"column":7}},"6":{"start":{"line":23,"column":6},"end":{"line":23,"column":43}},"7":{"start":{"line":25,"column":4},"end":{"line":28,"column":7}},"8":{"start":{"line":26,"column":6},"end":{"line":26,"column":38}},"9":{"start":{"line":27,"column":6},"end":{"line":27,"column":47}},"10":{"start":{"line":29,"column":4},"end":{"line":31,"column":7}},"11":{"start":{"line":30,"column":6},"end":{"line":30,"column":42}},"12":{"start":{"line":34,"column":0},"end":{"line":34,"column":37}}},"fnMap":{"0":{"name":"(anonymous_0)","decl":{"start":{"line":21,"column":17},"end":{"line":21,"column":18}},"loc":{"start":{"line":21,"column":29},"end":{"line":32,"column":3}}},"1":{"name":"(anonymous_1)","decl":{"start":{"line":22,"column":43},"end":{"line":22,"column":44}},"loc":{"start":{"line":22,"column":53},"end":{"line":24,"column":5}}},"2":{"name":"(anonymous_2)","decl":{"start":{"line":25,"column":45},"end":{"line":25,"column":46}},"loc":{"start":{"line":25,"column":63},"end":{"line":28,"column":5}}},"3":{"name":"(anonymous_3)","decl":{"start":{"line":29,"column":44},"end":{"line":29,"column":45}},"loc":{"start":{"line":29,"column":54},"end":{"line":31,"column":5}}}},"branchMap":{},"s":{"0":1,"1":1,"2":1,"3":1,"4":1,"5":1,"6":3,"7":1,"8":1,"9":1,"10":1,"11":2,"12":1},"f":{"0":1,"1":3,"2":1,"3":2},"b":{}}
,"/Users/vinodkumarnandimandalam/Documents/learnings/ecommerce-app/src/components/ProductList/state/Products.thunk.ts": {"path":"/Users/vinodkumarnandimandalam/Documents/learnings/ecommerce-app/src/components/ProductList/state/Products.thunk.ts","statementMap":{"0":{"start":{"line":1,"column":0},"end":{"line":1,"column":52}},"1":{"start":{"line":2,"column":0},"end":{"line":2,"column":54}},"2":{"start":{"line":3,"column":0},"end":{"line":3,"column":60}},"3":{"start":{"line":4,"column":0},"end":{"line":4,"column":35}},"4":{"start":{"line":7,"column":13},"end":{"line":27,"column":2}},"5":{"start":{"line":12,"column":6},"end":{"line":26,"column":null}},"6":{"start":{"line":13,"column":4},"end":{"line":25,"column":5}},"7":{"start":{"line":14,"column":35},"end":{"line":14,"column":65}},"8":{"start":{"line":15,"column":6},"end":{"line":17,"column":7}},"9":{"start":{"line":16,"column":8},"end":{"line":16,"column":71}},"10":{"start":{"line":18,"column":6},"end":{"line":18,"column":62}},"11":{"start":{"line":21,"column":8},"end":{"line":23,"column":39}},"12":{"start":{"line":24,"column":6},"end":{"line":24,"column":52}}},"fnMap":{"0":{"name":"(anonymous_7)","decl":{"start":{"line":9,"column":2},"end":{"line":9,"column":null}},"loc":{"start":{"line":12,"column":6},"end":{"line":26,"column":null}}},"1":{"name":"(anonymous_8)","decl":{"start":{"line":12,"column":6},"end":{"line":12,"column":null}},"loc":{"start":{"line":11,"column":12},"end":{"line":26,"column":3}}}},"branchMap":{"0":{"loc":{"start":{"line":10,"column":6},"end":{"line":10,"column":16}},"type":"default-arg","locations":[{"start":{"line":10,"column":14},"end":{"line":10,"column":16}}]},"1":{"loc":{"start":{"line":10,"column":18},"end":{"line":10,"column":26}},"type":"default-arg","locations":[{"start":{"line":10,"column":25},"end":{"line":10,"column":26}}]},"2":{"loc":{"start":{"line":15,"column":6},"end":{"line":17,"column":7}},"type":"if","locations":[{"start":{"line":15,"column":6},"end":{"line":17,"column":7}},{"start":{},"end":{}}]},"3":{"loc":{"start":{"line":21,"column":8},"end":{"line":23,"column":39}},"type":"cond-expr","locations":[{"start":{"line":22,"column":12},"end":{"line":22,"column":25}},{"start":{"line":23,"column":12},"end":{"line":23,"column":39}}]}},"s":{"0":5,"1":5,"2":5,"3":5,"4":5,"5":15,"6":15,"7":15,"8":2,"9":1,"10":1,"11":1,"12":1},"f":{"0":15,"1":15},"b":{"0":[0],"1":[0],"2":[1,1],"3":[1,0]}}
,"/Users/vinodkumarnandimandalam/Documents/learnings/ecommerce-app/src/components/modal/Modal.tsx": {"path":"/Users/vinodkumarnandimandalam/Documents/learnings/ecommerce-app/src/components/modal/Modal.tsx","statementMap":{"0":{"start":{"line":1,"column":0},"end":{"line":1,"column":37}},"1":{"start":{"line":13,"column":14},"end":{"line":90,"column":1}},"2":{"start":{"line":22,"column":22},"end":{"line":25,"column":3}},"3":{"start":{"line":23,"column":4},"end":{"line":23,"column":26}},"4":{"start":{"line":24,"column":4},"end":{"line":24,"column":16}},"5":{"start":{"line":27,"column":23},"end":{"line":30,"column":3}},"6":{"start":{"line":28,"column":4},"end":{"line":28,"column":26}},"7":{"start":{"line":29,"column":4},"end":{"line":29,"column":17}},"8":{"start":{"line":32,"column":2},"end":{"line":89,"column":4}},"9":{"start":{"line":92,"column":0},"end":{"line":92,"column":21}}},"fnMap":{"0":{"name":"(anonymous_1)","decl":{"start":{"line":13,"column":14},"end":{"line":13,"column":15}},"loc":{"start":{"line":21,"column":17},"end":{"line":90,"column":1}}},"1":{"name":"(anonymous_2)","decl":{"start":{"line":22,"column":22},"end":{"line":22,"column":25}},"loc":{"start":{"line":22,"column":27},"end":{"line":25,"column":3}}},"2":{"name":"(anonymous_3)","decl":{"start":{"line":27,"column":23},"end":{"line":27,"column":26}},"loc":{"start":{"line":27,"column":28},"end":{"line":30,"column":3}}}},"branchMap":{"0":{"loc":{"start":{"line":17,"column":2},"end":{"line":17,"column":24}},"type":"default-arg","locations":[{"start":{"line":17,"column":20},"end":{"line":17,"column":24}}]},"1":{"loc":{"start":{"line":18,"column":2},"end":{"line":18,"column":25}},"type":"default-arg","locations":[{"start":{"line":18,"column":21},"end":{"line":18,"column":25}}]},"2":{"loc":{"start":{"line":24,"column":4},"end":{"line":24,"column":15}},"type":"cond-expr","locations":[{"start":{"line":24,"column":11},"end":{"line":24,"column":15}},{"start":{"line":24,"column":4},"end":{"line":24,"column":15}}]},"3":{"loc":{"start":{"line":24,"column":4},"end":{"line":24,"column":15}},"type":"binary-expr","locations":[{"start":{"line":24,"column":4},"end":{"line":24,"column":15}},{"start":{"line":24,"column":4},"end":{"line":24,"column":15}}]},"4":{"loc":{"start":{"line":29,"column":4},"end":{"line":29,"column":16}},"type":"cond-expr","locations":[{"start":{"line":29,"column":12},"end":{"line":29,"column":16}},{"start":{"line":29,"column":4},"end":{"line":29,"column":16}}]},"5":{"loc":{"start":{"line":29,"column":4},"end":{"line":29,"column":16}},"type":"binary-expr","locations":[{"start":{"line":29,"column":4},"end":{"line":29,"column":16}},{"start":{"line":29,"column":4},"end":{"line":29,"column":16}}]},"6":{"loc":{"start":{"line":37,"column":18},"end":{"line":37,"column":66}},"type":"binary-expr","locations":[{"start":{"line":37,"column":18},"end":{"line":37,"column":49}},{"start":{"line":37,"column":53},"end":{"line":37,"column":66}}]},"7":{"loc":{"start":{"line":66,"column":9},"end":{"line":74,"column":null}},"type":"binary-expr","locations":[{"start":{"line":66,"column":9},"end":{"line":66,"column":24}},{"start":{"line":67,"column":10},"end":{"line":71,"column":null}}]},"8":{"loc":{"start":{"line":77,"column":9},"end":{"line":85,"column":null}},"type":"binary-expr","locations":[{"start":{"line":77,"column":9},"end":{"line":77,"column":25}},{"start":{"line":78,"column":10},"end":{"line":82,"column":null}}]}},"s":{"0":4,"1":4,"2":15,"3":3,"4":3,"5":15,"6":2,"7":2,"8":15,"9":4},"f":{"0":15,"1":3,"2":2},"b":{"0":[14],"1":[14],"2":[2,1],"3":[3,3],"4":[1,1],"5":[2,2],"6":[15,15],"7":[15,14],"8":[15,14]}}
,"/Users/vinodkumarnandimandalam/Documents/learnings/ecommerce-app/src/components/text-input/TextInput.tsx": {"path":"/Users/vinodkumarnandimandalam/Documents/learnings/ecommerce-app/src/components/text-input/TextInput.tsx","statementMap":{"0":{"start":{"line":1,"column":0},"end":{"line":1,"column":53}},"1":{"start":{"line":18,"column":44},"end":{"line":164,"column":1}},"2":{"start":{"line":32,"column":44},"end":{"line":32,"column":66}},"3":{"start":{"line":35,"column":28},"end":{"line":64,"column":8}},"4":{"start":{"line":37,"column":20},"end":{"line":37,"column":44}},"5":{"start":{"line":40,"column":4},"end":{"line":40,"column":40}},"6":{"start":{"line":40,"column":30},"end":{"line":40,"column":40}},"7":{"start":{"line":43,"column":4},"end":{"line":63,"column":5}},"8":{"start":{"line":44,"column":6},"end":{"line":44,"column":27}},"9":{"start":{"line":45,"column":11},"end":{"line":63,"column":5}},"10":{"start":{"line":46,"column":6},"end":{"line":46,"column":60}},"11":{"start":{"line":47,"column":11},"end":{"line":63,"column":5}},"12":{"start":{"line":48,"column":6},"end":{"line":50,"column":10}},"13":{"start":{"line":51,"column":11},"end":{"line":63,"column":5}},"14":{"start":{"line":53,"column":6},"end":{"line":56,"column":30}},"15":{"start":{"line":59,"column":6},"end":{"line":62,"column":10}},"16":{"start":{"line":66,"column":23},"end":{"line":83,"column":null}},"17":{"start":{"line":68,"column":21},"end":{"line":68,"column":35}},"18":{"start":{"line":71,"column":6},"end":{"line":73,"column":7}},"19":{"start":{"line":72,"column":8},"end":{"line":72,"column":47}},"20":{"start":{"line":76,"column":6},"end":{"line":76,"column":33}},"21":{"start":{"line":79,"column":6},"end":{"line":81,"column":7}},"22":{"start":{"line":80,"column":8},"end":{"line":80,"column":27}},"23":{"start":{"line":86,"column":24},"end":{"line":105,"column":null}},"24":{"start":{"line":89,"column":6},"end":{"line":103,"column":7}},"25":{"start":{"line":90,"column":8},"end":{"line":90,"column":27}},"26":{"start":{"line":91,"column":29},"end":{"line":91,"column":72}},"27":{"start":{"line":92,"column":24},"end":{"line":92,"column":55}},"28":{"start":{"line":94,"column":8},"end":{"line":102,"column":9}},"29":{"start":{"line":95,"column":29},"end":{"line":95,"column":49}},"30":{"start":{"line":96,"column":33},"end":{"line":96,"column":62}},"31":{"start":{"line":98,"column":10},"end":{"line":98,"column":43}},"32":{"start":{"line":99,"column":10},"end":{"line":101,"column":11}},"33":{"start":{"line":100,"column":12},"end":{"line":100,"column":37}},"34":{"start":{"line":109,"column":20},"end":{"line":109,"column":51}},"35":{"start":{"line":112,"column":18},"end":{"line":112,"column":79}},"36":{"start":{"line":115,"column":23},"end":{"line":115,"column":66}},"37":{"start":{"line":118,"column":23},"end":{"line":125,"column":14}},"38":{"start":{"line":127,"column":2},"end":{"line":163,"column":4}},"39":{"start":{"line":166,"column":0},"end":{"line":166,"column":25}}},"fnMap":{"0":{"name":"(anonymous_0)","decl":{"start":{"line":18,"column":44},"end":{"line":18,"column":45}},"loc":{"start":{"line":31,"column":5},"end":{"line":164,"column":1}}},"1":{"name":"(anonymous_1)","decl":{"start":{"line":35,"column":40},"end":{"line":35,"column":41}},"loc":{"start":{"line":35,"column":66},"end":{"line":64,"column":3}}},"2":{"name":"(anonymous_2)","decl":{"start":{"line":67,"column":4},"end":{"line":67,"column":5}},"loc":{"start":{"line":67,"column":47},"end":{"line":82,"column":5}}},"3":{"name":"(anonymous_3)","decl":{"start":{"line":87,"column":4},"end":{"line":87,"column":5}},"loc":{"start":{"line":87,"column":49},"end":{"line":104,"column":5}}}},"branchMap":{"0":{"loc":{"start":{"line":20,"column":2},"end":{"line":20,"column":15}},"type":"default-arg","locations":[{"start":{"line":20,"column":9},"end":{"line":20,"column":15}}]},"1":{"loc":{"start":{"line":22,"column":2},"end":{"line":22,"column":19}},"type":"default-arg","locations":[{"start":{"line":22,"column":17},"end":{"line":22,"column":19}}]},"2":{"loc":{"start":{"line":26,"column":2},"end":{"line":26,"column":18}},"type":"default-arg","locations":[{"start":{"line":26,"column":13},"end":{"line":26,"column":18}}]},"3":{"loc":{"start":{"line":27,"column":2},"end":{"line":27,"column":18}},"type":"default-arg","locations":[{"start":{"line":27,"column":13},"end":{"line":27,"column":18}}]},"4":{"loc":{"start":{"line":29,"column":2},"end":{"line":29,"column":16}},"type":"default-arg","locations":[{"start":{"line":29,"column":14},"end":{"line":29,"column":16}}]},"5":{"loc":{"start":{"line":40,"column":4},"end":{"line":40,"column":40}},"type":"if","locations":[{"start":{"line":40,"column":4},"end":{"line":40,"column":40}},{"start":{},"end":{}}]},"6":{"loc":{"start":{"line":43,"column":4},"end":{"line":63,"column":5}},"type":"if","locations":[{"start":{"line":43,"column":4},"end":{"line":63,"column":5}},{"start":{"line":45,"column":11},"end":{"line":63,"column":5}}]},"7":{"loc":{"start":{"line":45,"column":11},"end":{"line":63,"column":5}},"type":"if","locations":[{"start":{"line":45,"column":11},"end":{"line":63,"column":5}},{"start":{"line":47,"column":11},"end":{"line":63,"column":5}}]},"8":{"loc":{"start":{"line":47,"column":11},"end":{"line":63,"column":5}},"type":"if","locations":[{"start":{"line":47,"column":11},"end":{"line":63,"column":5}},{"start":{"line":51,"column":11},"end":{"line":63,"column":5}}]},"9":{"loc":{"start":{"line":51,"column":11},"end":{"line":63,"column":5}},"type":"if","locations":[{"start":{"line":51,"column":11},"end":{"line":63,"column":5}},{"start":{"line":57,"column":11},"end":{"line":63,"column":5}}]},"10":{"loc":{"start":{"line":51,"column":15},"end":{"line":51,"column":58}},"type":"binary-expr","locations":[{"start":{"line":51,"column":15},"end":{"line":51,"column":36}},{"start":{"line":51,"column":40},"end":{"line":51,"column":58}}]},"11":{"loc":{"start":{"line":71,"column":6},"end":{"line":73,"column":7}},"type":"if","locations":[{"start":{"line":71,"column":6},"end":{"line":73,"column":7}},{"start":{},"end":{}}]},"12":{"loc":{"start":{"line":79,"column":6},"end":{"line":81,"column":7}},"type":"if","locations":[{"start":{"line":79,"column":6},"end":{"line":81,"column":7}},{"start":{},"end":{}}]},"13":{"loc":{"start":{"line":89,"column":6},"end":{"line":103,"column":7}},"type":"if","locations":[{"start":{"line":89,"column":6},"end":{"line":103,"column":7}},{"start":{},"end":{}}]},"14":{"loc":{"start":{"line":89,"column":10},"end":{"line":89,"column":51}},"type":"binary-expr","locations":[{"start":{"line":89,"column":10},"end":{"line":89,"column":26}},{"start":{"line":89,"column":30},"end":{"line":89,"column":51}}]},"15":{"loc":{"start":{"line":91,"column":29},"end":{"line":91,"column":72}},"type":"cond-expr","locations":[{"start":{"line":91,"column":51},"end":{"line":91,"column":56}},{"start":{"line":91,"column":59},"end":{"line":91,"column":72}}]},"16":{"loc":{"start":{"line":94,"column":8},"end":{"line":102,"column":9}},"type":"if","locations":[{"start":{"line":94,"column":8},"end":{"line":102,"column":9}},{"start":{},"end":{}}]},"17":{"loc":{"start":{"line":99,"column":10},"end":{"line":101,"column":11}},"type":"if","locations":[{"start":{"line":99,"column":10},"end":{"line":101,"column":11}},{"start":{},"end":{}}]},"18":{"loc":{"start":{"line":109,"column":20},"end":{"line":109,"column":51}},"type":"cond-expr","locations":[{"start":{"line":109,"column":39},"end":{"line":109,"column":44}},{"start":{"line":109,"column":47},"end":{"line":109,"column":51}}]},"19":{"loc":{"start":{"line":112,"column":18},"end":{"line":112,"column":79}},"type":"binary-expr","locations":[{"start":{"line":112,"column":18},"end":{"line":112,"column":20}},{"start":{"line":112,"column":24},"end":{"line":112,"column":79}}]},"20":{"loc":{"start":{"line":115,"column":23},"end":{"line":115,"column":66}},"type":"cond-expr","locations":[{"start":{"line":115,"column":45},"end":{"line":115,"column":50}},{"start":{"line":115,"column":53},"end":{"line":115,"column":66}}]},"21":{"loc":{"start":{"line":120,"column":4},"end":{"line":120,"column":48}},"type":"cond-expr","locations":[{"start":{"line":120,"column":12},"end":{"line":120,"column":28}},{"start":{"line":120,"column":31},"end":{"line":120,"column":48}}]},"22":{"loc":{"start":{"line":121,"column":4},"end":{"line":121,"column":60}},"type":"cond-expr","locations":[{"start":{"line":121,"column":15},"end":{"line":121,"column":47}},{"start":{"line":121,"column":50},"end":{"line":121,"column":60}}]},"23":{"loc":{"start":{"line":129,"column":7},"end":{"line":136,"column":null}},"type":"binary-expr","locations":[{"start":{"line":129,"column":7},"end":{"line":129,"column":12}},{"start":{"line":130,"column":8},"end":{"line":135,"column":null}}]},"24":{"loc":{"start":{"line":135,"column":11},"end":{"line":135,"column":67}},"type":"binary-expr","locations":[{"start":{"line":135,"column":11},"end":{"line":135,"column":19}},{"start":{"line":135,"column":23},"end":{"line":135,"column":67}}]},"25":{"loc":{"start":{"line":149,"column":22},"end":{"line":149,"column":46}},"type":"cond-expr","locations":[{"start":{"line":149,"column":30},"end":{"line":149,"column":36}},{"start":{"line":149,"column":39},"end":{"line":149,"column":46}}]},"26":{"loc":{"start":{"line":150,"column":26},"end":{"line":150,"column":64}},"type":"cond-expr","locations":[{"start":{"line":150,"column":34},"end":{"line":150,"column":52}},{"start":{"line":150,"column":55},"end":{"line":150,"column":64}}]},"27":{"loc":{"start":{"line":153,"column":7},"end":{"line":160,"column":null}},"type":"binary-expr","locations":[{"start":{"line":153,"column":7},"end":{"line":153,"column":12}},{"start":{"line":154,"column":8},"end":{"line":159,"column":null}}]}},"s":{"0":3,"1":3,"2":99,"3":99,"4":22,"5":22,"6":0,"7":22,"8":6,"9":16,"10":6,"11":10,"12":9,"13":1,"14":1,"15":0,"16":99,"17":33,"18":33,"19":21,"20":33,"21":33,"22":4,"23":99,"24":34,"25":1,"26":1,"27":1,"28":1,"29":1,"30":1,"31":1,"32":1,"33":0,"34":99,"35":99,"36":99,"37":99,"38":99,"39":3},"f":{"0":99,"1":22,"2":33,"3":34},"b":{"0":[29],"1":[96],"2":[56],"3":[97],"4":[98],"5":[0,22],"6":[6,16],"7":[6,10],"8":[9,1],"9":[1,0],"10":[1,1],"11":[21,12],"12":[4,29],"13":[1,33],"14":[34,22],"15":[0,1],"16":[1,0],"17":[0,1],"18":[33,66],"19":[99,55],"20":[42,57],"21":[2,97],"22":[1,98],"23":[99,97],"24":[97,43],"25":[2,97],"26":[2,97],"27":[99,2]}}
,"/Users/vinodkumarnandimandalam/Documents/learnings/ecommerce-app/src/constants/constants.ts": {"path":"/Users/vinodkumarnandimandalam/Documents/learnings/ecommerce-app/src/constants/constants.ts","statementMap":{"0":{"start":{"line":1,"column":0},"end":{"line":1,"column":null}},"1":{"start":{"line":9,"column":0},"end":{"line":9,"column":69}},"2":{"start":{"line":11,"column":13},"end":{"line":37,"column":2}},"3":{"start":{"line":39,"column":13},"end":{"line":70,"column":2}},"4":{"start":{"line":72,"column":13},"end":{"line":91,"column":2}},"5":{"start":{"line":93,"column":13},"end":{"line":93,"column":55}},"6":{"start":{"line":94,"column":13},"end":{"line":94,"column":40}}},"fnMap":{},"branchMap":{},"s":{"0":6,"1":6,"2":6,"3":6,"4":6,"5":6,"6":6},"f":{},"b":{}}
,"/Users/vinodkumarnandimandalam/Documents/learnings/ecommerce-app/src/network/Network.ts": {"path":"/Users/vinodkumarnandimandalam/Documents/learnings/ecommerce-app/src/network/Network.ts","statementMap":{"0":{"start":{"line":1,"column":0},"end":{"line":1,"column":26}},"1":{"start":{"line":2,"column":0},"end":{"line":2,"column":54}},"2":{"start":{"line":4,"column":26},"end":{"line":7,"column":2}},"3":{"start":{"line":4,"column":48},"end":{"line":7,"column":2}},"4":{"start":{"line":5,"column":19},"end":{"line":5,"column":59}},"5":{"start":{"line":6,"column":2},"end":{"line":6,"column":23}},"6":{"start":{"line":4,"column":13},"end":{"line":4,"column":26}}},"fnMap":{"0":{"name":"(anonymous_8)","decl":{"start":{"line":4,"column":26},"end":{"line":4,"column":33}},"loc":{"start":{"line":4,"column":48},"end":{"line":7,"column":2}}},"1":{"name":"(anonymous_9)","decl":{"start":{"line":4,"column":48},"end":{"line":4,"column":null}},"loc":{"start":{"line":4,"column":48},"end":{"line":7,"column":1}}}},"branchMap":{},"s":{"0":5,"1":5,"2":5,"3":12,"4":12,"5":0,"6":5},"f":{"0":12,"1":12},"b":{}}
,"/Users/vinodkumarnandimandalam/Documents/learnings/ecommerce-app/src/pages/Home/Home.tsx": {"path":"/Users/vinodkumarnandimandalam/Documents/learnings/ecommerce-app/src/pages/Home/Home.tsx","statementMap":{"0":{"start":{"line":1,"column":0},"end":{"line":1,"column":68}},"1":{"start":{"line":2,"column":0},"end":{"line":2,"column":50}},"2":{"start":{"line":3,"column":0},"end":{"line":3,"column":67}},"3":{"start":{"line":4,"column":13},"end":{"line":84,"column":1}},"4":{"start":{"line":5,"column":2},"end":{"line":83,"column":4}},"5":{"start":{"line":27,"column":12},"end":{"line":28,"column":null}},"6":{"start":{"line":66,"column":34},"end":{"line":66,"column":45}},"7":{"start":{"line":67,"column":12},"end":{"line":78,"column":14}},"8":{"start":{"line":86,"column":0},"end":{"line":86,"column":20}}},"fnMap":{"0":{"name":"(anonymous_1)","decl":{"start":{"line":4,"column":13},"end":{"line":4,"column":16}},"loc":{"start":{"line":4,"column":18},"end":{"line":84,"column":1}}},"1":{"name":"(anonymous_2)","decl":{"start":{"line":26,"column":26},"end":{"line":26,"column":27}},"loc":{"start":{"line":27,"column":12},"end":{"line":28,"column":null}}},"2":{"name":"(anonymous_3)","decl":{"start":{"line":65,"column":27},"end":{"line":65,"column":28}},"loc":{"start":{"line":65,"column":38},"end":{"line":79,"column":11}}}},"branchMap":{},"s":{"0":2,"1":2,"2":2,"3":2,"4":5,"5":15,"6":25,"7":25,"8":2},"f":{"0":5,"1":15,"2":25},"b":{}}
,"/Users/vinodkumarnandimandalam/Documents/learnings/ecommerce-app/src/pages/Shop/Shop.tsx": {"path":"/Users/vinodkumarnandimandalam/Documents/learnings/ecommerce-app/src/pages/Shop/Shop.tsx","statementMap":{"0":{"start":{"line":1,"column":0},"end":{"line":1,"column":67}},"1":{"start":{"line":3,"column":13},"end":{"line":10,"column":1}},"2":{"start":{"line":4,"column":2},"end":{"line":9,"column":4}},"3":{"start":{"line":12,"column":0},"end":{"line":12,"column":20}}},"fnMap":{"0":{"name":"(anonymous_1)","decl":{"start":{"line":3,"column":13},"end":{"line":3,"column":16}},"loc":{"start":{"line":3,"column":18},"end":{"line":10,"column":1}}}},"branchMap":{},"s":{"0":2,"1":2,"2":3,"3":2},"f":{"0":3},"b":{}}
,"/Users/vinodkumarnandimandalam/Documents/learnings/ecommerce-app/src/test-utils/RenderRouter.tsx": {"path":"/Users/vinodkumarnandimandalam/Documents/learnings/ecommerce-app/src/test-utils/RenderRouter.tsx","statementMap":{"0":{"start":{"line":1,"column":0},"end":{"line":1,"column":48}},"1":{"start":{"line":2,"column":0},"end":{"line":2,"column":49}},"2":{"start":{"line":4,"column":32},"end":{"line":7,"column":1}},"3":{"start":{"line":5,"column":2},"end":{"line":5,"column":51}},"4":{"start":{"line":6,"column":2},"end":{"line":6,"column":48}},"5":{"start":{"line":4,"column":13},"end":{"line":4,"column":32}}},"fnMap":{"0":{"name":"(anonymous_0)","decl":{"start":{"line":4,"column":32},"end":{"line":4,"column":33}},"loc":{"start":{"line":4,"column":78},"end":{"line":7,"column":1}}}},"branchMap":{"0":{"loc":{"start":{"line":4,"column":54},"end":{"line":4,"column":74}},"type":"default-arg","locations":[{"start":{"line":4,"column":72},"end":{"line":4,"column":74}}]},"1":{"loc":{"start":{"line":4,"column":56},"end":{"line":4,"column":67}},"type":"default-arg","locations":[{"start":{"line":4,"column":64},"end":{"line":4,"column":67}}]}},"s":{"0":3,"1":3,"2":3,"3":9,"4":9,"5":3},"f":{"0":9},"b":{"0":[4],"1":[4]}}
,"/Users/vinodkumarnandimandalam/Documents/learnings/ecommerce-app/src/test-utils/index.ts": {"path":"/Users/vinodkumarnandimandalam/Documents/learnings/ecommerce-app/src/test-utils/index.ts","statementMap":{"0":{"start":{"line":2,"column":0},"end":{"line":2,"column":29}},"1":{"start":{"line":3,"column":0},"end":{"line":3,"column":31}}},"fnMap":{},"branchMap":{},"s":{"0":5,"1":5},"f":{},"b":{}}
,"/Users/vinodkumarnandimandalam/Documents/learnings/ecommerce-app/src/test-utils/test-store.tsx": {"path":"/Users/vinodkumarnandimandalam/Documents/learnings/ecommerce-app/src/test-utils/test-store.tsx","statementMap":{"0":{"start":{"line":1,"column":0},"end":{"line":1,"column":50}},"1":{"start":{"line":3,"column":0},"end":{"line":3,"column":56}},"2":{"start":{"line":7,"column":31},"end":{"line":19,"column":1}},"3":{"start":{"line":11,"column":2},"end":{"line":18,"column":5}},"4":{"start":{"line":13,"column":23},"end":{"line":16,"column":8}},"5":{"start":{"line":7,"column":13},"end":{"line":7,"column":31}}},"fnMap":{"0":{"name":"(anonymous_0)","decl":{"start":{"line":7,"column":31},"end":{"line":7,"column":null}},"loc":{"start":{"line":10,"column":4},"end":{"line":19,"column":1}}},"1":{"name":"(anonymous_1)","decl":{"start":{"line":13,"column":16},"end":{"line":13,"column":19}},"loc":{"start":{"line":13,"column":23},"end":{"line":16,"column":8}}}},"branchMap":{"0":{"loc":{"start":{"line":8,"column":2},"end":{"line":8,"column":27}},"type":"default-arg","locations":[{"start":{"line":8,"column":25},"end":{"line":8,"column":27}}]},"1":{"loc":{"start":{"line":9,"column":2},"end":{"line":9,"column":55}},"type":"default-arg","locations":[{"start":{"line":9,"column":30},"end":{"line":9,"column":55}}]}},"s":{"0":5,"1":5,"2":5,"3":17,"4":61,"5":5},"f":{"0":17,"1":61},"b":{"0":[0],"1":[0]}}
,"/Users/vinodkumarnandimandalam/Documents/learnings/ecommerce-app/src/test-utils/test-wrapper.tsx": {"path":"/Users/vinodkumarnandimandalam/Documents/learnings/ecommerce-app/src/test-utils/test-wrapper.tsx","statementMap":{"0":{"start":{"line":1,"column":0},"end":{"line":1,"column":39}},"1":{"start":{"line":4,"column":0},"end":{"line":4,"column":47}},"2":{"start":{"line":5,"column":0},"end":{"line":5,"column":56}},"3":{"start":{"line":15,"column":27},"end":{"line":22,"column":1}},"4":{"start":{"line":20,"column":16},"end":{"line":20,"column":49}},"5":{"start":{"line":21,"column":2},"end":{"line":21,"column":55}},"6":{"start":{"line":15,"column":13},"end":{"line":15,"column":27}}},"fnMap":{"0":{"name":"(anonymous_0)","decl":{"start":{"line":15,"column":27},"end":{"line":15,"column":28}},"loc":{"start":{"line":19,"column":23},"end":{"line":22,"column":1}}}},"branchMap":{"0":{"loc":{"start":{"line":17,"column":2},"end":{"line":17,"column":15}},"type":"default-arg","locations":[{"start":{"line":17,"column":13},"end":{"line":17,"column":15}}]},"1":{"loc":{"start":{"line":18,"column":2},"end":{"line":18,"column":36}},"type":"default-arg","locations":[{"start":{"line":18,"column":11},"end":{"line":18,"column":36}}]}},"s":{"0":5,"1":5,"2":5,"3":5,"4":17,"5":17,"6":5},"f":{"0":17},"b":{"0":[13],"1":[14]}}
,"/Users/vinodkumarnandimandalam/Documents/learnings/ecommerce-app/src/types/request-status.ts": {"path":"/Users/vinodkumarnandimandalam/Documents/learnings/ecommerce-app/src/types/request-status.ts","statementMap":{"0":{"start":{"line":1,"column":13},"end":{"line":6,"column":11}}},"fnMap":{},"branchMap":{},"s":{"0":7},"f":{},"b":{}}
}
