{"/Users/vinodkumarnandimandalam/Documents/learnings/ecommerce-app/src/App.tsx": {"path":"/Users/vinodkumarnandimandalam/Documents/learnings/ecommerce-app/src/App.tsx","statementMap":{"0":{"start":{"line":1,"column":0},"end":{"line":1,"column":49}},"1":{"start":{"line":2,"column":0},"end":{"line":2,"column":48}},"2":{"start":{"line":3,"column":0},"end":{"line":3,"column":48}},"3":{"start":{"line":4,"column":0},"end":{"line":4,"column":37}},"4":{"start":{"line":5,"column":0},"end":{"line":5,"column":37}},"5":{"start":{"line":8,"column":2},"end":{"line":19,"column":4}},"6":{"start":{"line":22,"column":0},"end":{"line":22,"column":19}}},"fnMap":{"0":{"name":"App","decl":{"start":{"line":7,"column":9},"end":{"line":7,"column":12}},"loc":{"start":{"line":7,"column":12},"end":{"line":20,"column":1}}}},"branchMap":{},"s":{"0":1,"1":1,"2":1,"3":1,"4":1,"5":3,"6":1},"f":{"0":3},"b":{}}
,"/Users/vinodkumarnandimandalam/Documents/learnings/ecommerce-app/src/assets/images.ts": {"path":"/Users/vinodkumarnandimandalam/Documents/learnings/ecommerce-app/src/assets/images.ts","statementMap":{"0":{"start":{"line":1,"column":0},"end":{"line":1,"column":7}},"1":{"start":{"line":5,"column":9},"end":{"line":1,"column":34}},"2":{"start":{"line":2,"column":0},"end":{"line":2,"column":7}},"3":{"start":{"line":5,"column":20},"end":{"line":2,"column":38}},"4":{"start":{"line":3,"column":0},"end":{"line":3,"column":7}},"5":{"start":{"line":5,"column":33},"end":{"line":3,"column":34}}},"fnMap":{},"branchMap":{},"s":{"0":6,"1":6,"2":6,"3":6,"4":6,"5":6},"f":{},"b":{}}
,"/Users/vinodkumarnandimandalam/Documents/learnings/ecommerce-app/src/components/Footer/Footer.tsx": {"path":"/Users/vinodkumarnandimandalam/Documents/learnings/ecommerce-app/src/components/Footer/Footer.tsx","statementMap":{"0":{"start":{"line":1,"column":0},"end":{"line":1,"column":80}},"1":{"start":{"line":3,"column":15},"end":{"line":21,"column":1}},"2":{"start":{"line":4,"column":2},"end":{"line":20,"column":4}},"3":{"start":{"line":23,"column":0},"end":{"line":23,"column":22}}},"fnMap":{"0":{"name":"(anonymous_0)","decl":{"start":{"line":3,"column":15},"end":{"line":3,"column":18}},"loc":{"start":{"line":3,"column":20},"end":{"line":21,"column":1}}}},"branchMap":{},"s":{"0":2,"1":2,"2":4,"3":2},"f":{"0":4},"b":{}}
,"/Users/vinodkumarnandimandalam/Documents/learnings/ecommerce-app/src/components/Navbar/Navbar.tsx": {"path":"/Users/vinodkumarnandimandalam/Documents/learnings/ecommerce-app/src/components/Navbar/Navbar.tsx","statementMap":{"0":{"start":{"line":1,"column":0},"end":{"line":1,"column":40}},"1":{"start":{"line":2,"column":0},"end":{"line":2,"column":72}},"2":{"start":{"line":4,"column":15},"end":{"line":62,"column":1}},"3":{"start":{"line":5,"column":2},"end":{"line":61,"column":4}},"4":{"start":{"line":64,"column":0},"end":{"line":64,"column":22}}},"fnMap":{"0":{"name":"(anonymous_0)","decl":{"start":{"line":4,"column":15},"end":{"line":4,"column":18}},"loc":{"start":{"line":4,"column":20},"end":{"line":62,"column":1}}}},"branchMap":{},"s":{"0":2,"1":2,"2":2,"3":12,"4":2},"f":{"0":12},"b":{}}
,"/Users/vinodkumarnandimandalam/Documents/learnings/ecommerce-app/src/components/Product/Product.tsx": {"path":"/Users/vinodkumarnandimandalam/Documents/learnings/ecommerce-app/src/components/Product/Product.tsx","statementMap":{"0":{"start":{"line":1,"column":0},"end":{"line":1,"column":40}},"1":{"start":{"line":4,"column":16},"end":{"line":37,"column":1}},"2":{"start":{"line":5,"column":2},"end":{"line":36,"column":4}},"3":{"start":{"line":39,"column":0},"end":{"line":39,"column":23}}},"fnMap":{"0":{"name":"(anonymous_0)","decl":{"start":{"line":4,"column":16},"end":{"line":4,"column":17}},"loc":{"start":{"line":4,"column":55},"end":{"line":37,"column":1}}}},"branchMap":{},"s":{"0":5,"1":5,"2":12,"3":5},"f":{"0":12},"b":{}}
,"/Users/vinodkumarnandimandalam/Documents/learnings/ecommerce-app/src/components/ProductList/ProductList.tsx": {"path":"/Users/vinodkumarnandimandalam/Documents/learnings/ecommerce-app/src/components/ProductList/ProductList.tsx","statementMap":{"0":{"start":{"line":2,"column":0},"end":{"line":2,"column":55}},"1":{"start":{"line":3,"column":0},"end":{"line":3,"column":34}},"2":{"start":{"line":5,"column":0},"end":{"line":5,"column":55}},"3":{"start":{"line":6,"column":0},"end":{"line":6,"column":41}},"4":{"start":{"line":8,"column":0},"end":{"line":8,"column":59}},"5":{"start":{"line":15,"column":20},"end":{"line":51,"column":1}},"6":{"start":{"line":16,"column":19},"end":{"line":16,"column":45}},"7":{"start":{"line":18,"column":31},"end":{"line":19,"column":null}},"8":{"start":{"line":19,"column":26},"end":{"line":19,"column":40}},"9":{"start":{"line":22,"column":2},"end":{"line":24,"column":30}},"10":{"start":{"line":23,"column":4},"end":{"line":23,"column":45}},"11":{"start":{"line":26,"column":2},"end":{"line":50,"column":4}},"12":{"start":{"line":43,"column":12},"end":{"line":43,"column":50}},"13":{"start":{"line":53,"column":0},"end":{"line":53,"column":27}}},"fnMap":{"0":{"name":"(anonymous_1)","decl":{"start":{"line":15,"column":20},"end":{"line":15,"column":21}},"loc":{"start":{"line":15,"column":58},"end":{"line":51,"column":1}}},"1":{"name":"(anonymous_2)","decl":{"start":{"line":19,"column":4},"end":{"line":19,"column":5}},"loc":{"start":{"line":19,"column":26},"end":{"line":19,"column":40}}},"2":{"name":"(anonymous_3)","decl":{"start":{"line":22,"column":12},"end":{"line":22,"column":15}},"loc":{"start":{"line":22,"column":17},"end":{"line":24,"column":3}}},"3":{"name":"(anonymous_4)","decl":{"start":{"line":42,"column":24},"end":{"line":42,"column":25}},"loc":{"start":{"line":43,"column":12},"end":{"line":43,"column":50}}}},"branchMap":{"0":{"loc":{"start":{"line":28,"column":7},"end":{"line":31,"column":null}},"type":"binary-expr","locations":[{"start":{"line":28,"column":7},"end":{"line":28,"column":39}},{"start":{"line":29,"column":8},"end":{"line":30,"column":null}}]},"1":{"loc":{"start":{"line":34,"column":7},"end":{"line":37,"column":null}},"type":"binary-expr","locations":[{"start":{"line":34,"column":7},"end":{"line":34,"column":38}},{"start":{"line":35,"column":8},"end":{"line":36,"column":null}}]},"2":{"loc":{"start":{"line":40,"column":7},"end":{"line":47,"column":null}},"type":"binary-expr","locations":[{"start":{"line":40,"column":7},"end":{"line":40,"column":43}},{"start":{"line":41,"column":8},"end":{"line":46,"column":null}}]}},"s":{"0":4,"1":4,"2":4,"3":4,"4":4,"5":4,"6":24,"7":24,"8":48,"9":24,"10":12,"11":24,"12":10,"13":4},"f":{"0":24,"1":48,"2":12,"3":10},"b":{"0":[24,2],"1":[24,2],"2":[24,20]}}
,"/Users/vinodkumarnandimandalam/Documents/learnings/ecommerce-app/src/components/ProductList/state/Products.slice.ts": {"path":"/Users/vinodkumarnandimandalam/Documents/learnings/ecommerce-app/src/components/ProductList/state/Products.slice.ts","statementMap":{"0":{"start":{"line":1,"column":0},"end":{"line":1,"column":47}},"1":{"start":{"line":3,"column":0},"end":{"line":3,"column":62}},"2":{"start":{"line":5,"column":0},"end":{"line":5,"column":49}},"3":{"start":{"line":12,"column":36},"end":{"line":15,"column":2}},"4":{"start":{"line":17,"column":13},"end":{"line":33,"column":3}},"5":{"start":{"line":22,"column":4},"end":{"line":24,"column":7}},"6":{"start":{"line":23,"column":6},"end":{"line":23,"column":43}},"7":{"start":{"line":25,"column":4},"end":{"line":28,"column":7}},"8":{"start":{"line":26,"column":6},"end":{"line":26,"column":38}},"9":{"start":{"line":27,"column":6},"end":{"line":27,"column":47}},"10":{"start":{"line":29,"column":4},"end":{"line":31,"column":7}},"11":{"start":{"line":30,"column":6},"end":{"line":30,"column":42}},"12":{"start":{"line":34,"column":0},"end":{"line":34,"column":37}}},"fnMap":{"0":{"name":"(anonymous_0)","decl":{"start":{"line":21,"column":17},"end":{"line":21,"column":18}},"loc":{"start":{"line":21,"column":29},"end":{"line":32,"column":3}}},"1":{"name":"(anonymous_1)","decl":{"start":{"line":22,"column":43},"end":{"line":22,"column":44}},"loc":{"start":{"line":22,"column":53},"end":{"line":24,"column":5}}},"2":{"name":"(anonymous_2)","decl":{"start":{"line":25,"column":45},"end":{"line":25,"column":46}},"loc":{"start":{"line":25,"column":63},"end":{"line":28,"column":5}}},"3":{"name":"(anonymous_3)","decl":{"start":{"line":29,"column":44},"end":{"line":29,"column":45}},"loc":{"start":{"line":29,"column":54},"end":{"line":31,"column":5}}}},"branchMap":{},"s":{"0":1,"1":1,"2":1,"3":1,"4":1,"5":1,"6":3,"7":1,"8":1,"9":1,"10":1,"11":2,"12":1},"f":{"0":1,"1":3,"2":1,"3":2},"b":{}}
,"/Users/vinodkumarnandimandalam/Documents/learnings/ecommerce-app/src/components/ProductList/state/Products.thunk.ts": {"path":"/Users/vinodkumarnandimandalam/Documents/learnings/ecommerce-app/src/components/ProductList/state/Products.thunk.ts","statementMap":{"0":{"start":{"line":1,"column":0},"end":{"line":1,"column":52}},"1":{"start":{"line":2,"column":0},"end":{"line":2,"column":54}},"2":{"start":{"line":3,"column":0},"end":{"line":3,"column":60}},"3":{"start":{"line":4,"column":0},"end":{"line":4,"column":35}},"4":{"start":{"line":7,"column":13},"end":{"line":27,"column":2}},"5":{"start":{"line":12,"column":6},"end":{"line":26,"column":null}},"6":{"start":{"line":13,"column":4},"end":{"line":25,"column":5}},"7":{"start":{"line":14,"column":35},"end":{"line":14,"column":65}},"8":{"start":{"line":15,"column":6},"end":{"line":17,"column":7}},"9":{"start":{"line":16,"column":8},"end":{"line":16,"column":71}},"10":{"start":{"line":18,"column":6},"end":{"line":18,"column":62}},"11":{"start":{"line":21,"column":8},"end":{"line":23,"column":39}},"12":{"start":{"line":24,"column":6},"end":{"line":24,"column":52}}},"fnMap":{"0":{"name":"(anonymous_7)","decl":{"start":{"line":9,"column":2},"end":{"line":9,"column":null}},"loc":{"start":{"line":12,"column":6},"end":{"line":26,"column":null}}},"1":{"name":"(anonymous_8)","decl":{"start":{"line":12,"column":6},"end":{"line":12,"column":null}},"loc":{"start":{"line":11,"column":12},"end":{"line":26,"column":3}}}},"branchMap":{"0":{"loc":{"start":{"line":10,"column":6},"end":{"line":10,"column":16}},"type":"default-arg","locations":[{"start":{"line":10,"column":14},"end":{"line":10,"column":16}}]},"1":{"loc":{"start":{"line":10,"column":18},"end":{"line":10,"column":26}},"type":"default-arg","locations":[{"start":{"line":10,"column":25},"end":{"line":10,"column":26}}]},"2":{"loc":{"start":{"line":15,"column":6},"end":{"line":17,"column":7}},"type":"if","locations":[{"start":{"line":15,"column":6},"end":{"line":17,"column":7}},{"start":{},"end":{}}]},"3":{"loc":{"start":{"line":21,"column":8},"end":{"line":23,"column":39}},"type":"cond-expr","locations":[{"start":{"line":22,"column":12},"end":{"line":22,"column":25}},{"start":{"line":23,"column":12},"end":{"line":23,"column":39}}]}},"s":{"0":5,"1":5,"2":5,"3":5,"4":5,"5":15,"6":15,"7":15,"8":2,"9":1,"10":1,"11":1,"12":1},"f":{"0":15,"1":15},"b":{"0":[0],"1":[0],"2":[1,1],"3":[1,0]}}
,"/Users/vinodkumarnandimandalam/Documents/learnings/ecommerce-app/src/constants/constants.ts": {"path":"/Users/vinodkumarnandimandalam/Documents/learnings/ecommerce-app/src/constants/constants.ts","statementMap":{"0":{"start":{"line":1,"column":0},"end":{"line":1,"column":null}},"1":{"start":{"line":9,"column":0},"end":{"line":9,"column":69}},"2":{"start":{"line":11,"column":13},"end":{"line":37,"column":2}},"3":{"start":{"line":39,"column":13},"end":{"line":70,"column":2}},"4":{"start":{"line":72,"column":13},"end":{"line":91,"column":2}},"5":{"start":{"line":93,"column":13},"end":{"line":93,"column":55}},"6":{"start":{"line":94,"column":13},"end":{"line":94,"column":40}}},"fnMap":{},"branchMap":{},"s":{"0":6,"1":6,"2":6,"3":6,"4":6,"5":6,"6":6},"f":{},"b":{}}
,"/Users/vinodkumarnandimandalam/Documents/learnings/ecommerce-app/src/network/Network.ts": {"path":"/Users/vinodkumarnandimandalam/Documents/learnings/ecommerce-app/src/network/Network.ts","statementMap":{"0":{"start":{"line":1,"column":0},"end":{"line":1,"column":26}},"1":{"start":{"line":2,"column":0},"end":{"line":2,"column":54}},"2":{"start":{"line":4,"column":26},"end":{"line":7,"column":2}},"3":{"start":{"line":4,"column":48},"end":{"line":7,"column":2}},"4":{"start":{"line":5,"column":19},"end":{"line":5,"column":59}},"5":{"start":{"line":6,"column":2},"end":{"line":6,"column":23}},"6":{"start":{"line":4,"column":13},"end":{"line":4,"column":26}}},"fnMap":{"0":{"name":"(anonymous_8)","decl":{"start":{"line":4,"column":26},"end":{"line":4,"column":33}},"loc":{"start":{"line":4,"column":48},"end":{"line":7,"column":2}}},"1":{"name":"(anonymous_9)","decl":{"start":{"line":4,"column":48},"end":{"line":4,"column":null}},"loc":{"start":{"line":4,"column":48},"end":{"line":7,"column":1}}}},"branchMap":{},"s":{"0":5,"1":5,"2":5,"3":12,"4":12,"5":0,"6":5},"f":{"0":12,"1":12},"b":{}}
,"/Users/vinodkumarnandimandalam/Documents/learnings/ecommerce-app/src/pages/Home/Home.tsx": {"path":"/Users/vinodkumarnandimandalam/Documents/learnings/ecommerce-app/src/pages/Home/Home.tsx","statementMap":{"0":{"start":{"line":1,"column":0},"end":{"line":1,"column":68}},"1":{"start":{"line":2,"column":0},"end":{"line":2,"column":50}},"2":{"start":{"line":3,"column":0},"end":{"line":3,"column":67}},"3":{"start":{"line":4,"column":13},"end":{"line":84,"column":1}},"4":{"start":{"line":5,"column":2},"end":{"line":83,"column":4}},"5":{"start":{"line":27,"column":12},"end":{"line":28,"column":null}},"6":{"start":{"line":66,"column":34},"end":{"line":66,"column":45}},"7":{"start":{"line":67,"column":12},"end":{"line":78,"column":14}},"8":{"start":{"line":86,"column":0},"end":{"line":86,"column":20}}},"fnMap":{"0":{"name":"(anonymous_1)","decl":{"start":{"line":4,"column":13},"end":{"line":4,"column":16}},"loc":{"start":{"line":4,"column":18},"end":{"line":84,"column":1}}},"1":{"name":"(anonymous_2)","decl":{"start":{"line":26,"column":26},"end":{"line":26,"column":27}},"loc":{"start":{"line":27,"column":12},"end":{"line":28,"column":null}}},"2":{"name":"(anonymous_3)","decl":{"start":{"line":65,"column":27},"end":{"line":65,"column":28}},"loc":{"start":{"line":65,"column":38},"end":{"line":79,"column":11}}}},"branchMap":{},"s":{"0":2,"1":2,"2":2,"3":2,"4":5,"5":15,"6":25,"7":25,"8":2},"f":{"0":5,"1":15,"2":25},"b":{}}
,"/Users/vinodkumarnandimandalam/Documents/learnings/ecommerce-app/src/pages/Shop/Shop.tsx": {"path":"/Users/vinodkumarnandimandalam/Documents/learnings/ecommerce-app/src/pages/Shop/Shop.tsx","statementMap":{"0":{"start":{"line":1,"column":0},"end":{"line":1,"column":67}},"1":{"start":{"line":3,"column":13},"end":{"line":10,"column":1}},"2":{"start":{"line":4,"column":2},"end":{"line":9,"column":4}},"3":{"start":{"line":12,"column":0},"end":{"line":12,"column":20}}},"fnMap":{"0":{"name":"(anonymous_1)","decl":{"start":{"line":3,"column":13},"end":{"line":3,"column":16}},"loc":{"start":{"line":3,"column":18},"end":{"line":10,"column":1}}}},"branchMap":{},"s":{"0":2,"1":2,"2":3,"3":2},"f":{"0":3},"b":{}}
,"/Users/vinodkumarnandimandalam/Documents/learnings/ecommerce-app/src/test-utils/RenderRouter.tsx": {"path":"/Users/vinodkumarnandimandalam/Documents/learnings/ecommerce-app/src/test-utils/RenderRouter.tsx","statementMap":{"0":{"start":{"line":1,"column":0},"end":{"line":1,"column":48}},"1":{"start":{"line":2,"column":0},"end":{"line":2,"column":49}},"2":{"start":{"line":4,"column":32},"end":{"line":7,"column":1}},"3":{"start":{"line":5,"column":2},"end":{"line":5,"column":51}},"4":{"start":{"line":6,"column":2},"end":{"line":6,"column":48}},"5":{"start":{"line":4,"column":13},"end":{"line":4,"column":32}}},"fnMap":{"0":{"name":"(anonymous_0)","decl":{"start":{"line":4,"column":32},"end":{"line":4,"column":33}},"loc":{"start":{"line":4,"column":78},"end":{"line":7,"column":1}}}},"branchMap":{"0":{"loc":{"start":{"line":4,"column":54},"end":{"line":4,"column":74}},"type":"default-arg","locations":[{"start":{"line":4,"column":72},"end":{"line":4,"column":74}}]},"1":{"loc":{"start":{"line":4,"column":56},"end":{"line":4,"column":67}},"type":"default-arg","locations":[{"start":{"line":4,"column":64},"end":{"line":4,"column":67}}]}},"s":{"0":3,"1":3,"2":3,"3":8,"4":8,"5":3},"f":{"0":8},"b":{"0":[4],"1":[4]}}
,"/Users/vinodkumarnandimandalam/Documents/learnings/ecommerce-app/src/test-utils/index.ts": {"path":"/Users/vinodkumarnandimandalam/Documents/learnings/ecommerce-app/src/test-utils/index.ts","statementMap":{"0":{"start":{"line":2,"column":0},"end":{"line":2,"column":29}},"1":{"start":{"line":3,"column":0},"end":{"line":3,"column":31}}},"fnMap":{},"branchMap":{},"s":{"0":3,"1":3},"f":{},"b":{}}
,"/Users/vinodkumarnandimandalam/Documents/learnings/ecommerce-app/src/test-utils/test-store.tsx": {"path":"/Users/vinodkumarnandimandalam/Documents/learnings/ecommerce-app/src/test-utils/test-store.tsx","statementMap":{"0":{"start":{"line":1,"column":0},"end":{"line":1,"column":50}},"1":{"start":{"line":3,"column":0},"end":{"line":3,"column":56}},"2":{"start":{"line":7,"column":31},"end":{"line":19,"column":1}},"3":{"start":{"line":11,"column":2},"end":{"line":18,"column":5}},"4":{"start":{"line":13,"column":23},"end":{"line":16,"column":8}},"5":{"start":{"line":7,"column":13},"end":{"line":7,"column":31}}},"fnMap":{"0":{"name":"(anonymous_0)","decl":{"start":{"line":7,"column":31},"end":{"line":7,"column":null}},"loc":{"start":{"line":10,"column":4},"end":{"line":19,"column":1}}},"1":{"name":"(anonymous_1)","decl":{"start":{"line":13,"column":16},"end":{"line":13,"column":19}},"loc":{"start":{"line":13,"column":23},"end":{"line":16,"column":8}}}},"branchMap":{"0":{"loc":{"start":{"line":8,"column":2},"end":{"line":8,"column":27}},"type":"default-arg","locations":[{"start":{"line":8,"column":25},"end":{"line":8,"column":27}}]},"1":{"loc":{"start":{"line":9,"column":2},"end":{"line":9,"column":55}},"type":"default-arg","locations":[{"start":{"line":9,"column":30},"end":{"line":9,"column":55}}]}},"s":{"0":3,"1":3,"2":3,"3":9,"4":36,"5":3},"f":{"0":9,"1":36},"b":{"0":[0],"1":[0]}}
,"/Users/vinodkumarnandimandalam/Documents/learnings/ecommerce-app/src/test-utils/test-wrapper.tsx": {"path":"/Users/vinodkumarnandimandalam/Documents/learnings/ecommerce-app/src/test-utils/test-wrapper.tsx","statementMap":{"0":{"start":{"line":1,"column":0},"end":{"line":1,"column":39}},"1":{"start":{"line":4,"column":0},"end":{"line":4,"column":47}},"2":{"start":{"line":5,"column":0},"end":{"line":5,"column":56}},"3":{"start":{"line":15,"column":27},"end":{"line":22,"column":1}},"4":{"start":{"line":20,"column":16},"end":{"line":20,"column":49}},"5":{"start":{"line":21,"column":2},"end":{"line":21,"column":55}},"6":{"start":{"line":15,"column":13},"end":{"line":15,"column":27}}},"fnMap":{"0":{"name":"(anonymous_0)","decl":{"start":{"line":15,"column":27},"end":{"line":15,"column":28}},"loc":{"start":{"line":19,"column":23},"end":{"line":22,"column":1}}}},"branchMap":{"0":{"loc":{"start":{"line":17,"column":2},"end":{"line":17,"column":15}},"type":"default-arg","locations":[{"start":{"line":17,"column":13},"end":{"line":17,"column":15}}]},"1":{"loc":{"start":{"line":18,"column":2},"end":{"line":18,"column":36}},"type":"default-arg","locations":[{"start":{"line":18,"column":11},"end":{"line":18,"column":36}}]}},"s":{"0":3,"1":3,"2":3,"3":3,"4":9,"5":9,"6":3},"f":{"0":9},"b":{"0":[5],"1":[6]}}
,"/Users/vinodkumarnandimandalam/Documents/learnings/ecommerce-app/src/types/request-status.ts": {"path":"/Users/vinodkumarnandimandalam/Documents/learnings/ecommerce-app/src/types/request-status.ts","statementMap":{"0":{"start":{"line":1,"column":13},"end":{"line":6,"column":11}}},"fnMap":{},"branchMap":{},"s":{"0":5},"f":{},"b":{}}
}
