TN:
SF:src/App.tsx
FN:7,App
FNF:1
FNH:1
FNDA:3,App
DA:1,1
DA:2,1
DA:3,1
DA:4,1
DA:5,1
DA:8,3
DA:22,1
LF:7
LH:7
BRF:0
BRH:0
end_of_record
TN:
SF:src/assets/images.ts
FNF:0
FNH:0
DA:1,6
DA:2,6
DA:3,6
DA:5,6
LF:4
LH:4
BRF:0
BRH:0
end_of_record
TN:
SF:src/components/Footer/Footer.tsx
FN:1,(anonymous_0)
FNF:1
FNH:1
FNDA:3,(anonymous_0)
DA:1,1
DA:2,3
DA:5,1
LF:3
LH:3
BRF:0
BRH:0
end_of_record
TN:
SF:src/components/Navbar/Navbar.tsx
FN:4,(anonymous_0)
FNF:1
FNH:1
FNDA:12,(anonymous_0)
DA:1,2
DA:2,2
DA:4,2
DA:5,12
DA:64,2
LF:5
LH:5
BRF:0
BRH:0
end_of_record
TN:
SF:src/components/Product/Product.tsx
FN:4,(anonymous_0)
FNF:1
FNH:1
FNDA:12,(anonymous_0)
DA:1,5
DA:4,5
DA:5,12
DA:39,5
LF:4
LH:4
BRF:0
BRH:0
end_of_record
TN:
SF:src/components/ProductList/ProductList.tsx
FN:15,(anonymous_1)
FN:19,(anonymous_2)
FN:22,(anonymous_3)
FN:42,(anonymous_4)
FNF:4
FNH:4
FNDA:24,(anonymous_1)
FNDA:48,(anonymous_2)
FNDA:12,(anonymous_3)
FNDA:10,(anonymous_4)
DA:2,4
DA:3,4
DA:5,4
DA:6,4
DA:8,4
DA:15,4
DA:16,24
DA:18,24
DA:19,48
DA:22,24
DA:23,12
DA:26,24
DA:43,10
DA:53,4
LF:14
LH:14
BRDA:28,0,0,24
BRDA:28,0,1,2
BRDA:34,1,0,24
BRDA:34,1,1,2
BRDA:40,2,0,24
BRDA:40,2,1,20
BRF:6
BRH:6
end_of_record
TN:
SF:src/components/ProductList/state/Products.slice.ts
FN:21,(anonymous_0)
FN:22,(anonymous_1)
FN:25,(anonymous_2)
FN:29,(anonymous_3)
FNF:4
FNH:4
FNDA:1,(anonymous_0)
FNDA:3,(anonymous_1)
FNDA:1,(anonymous_2)
FNDA:2,(anonymous_3)
DA:1,1
DA:3,1
DA:5,1
DA:12,1
DA:17,1
DA:22,1
DA:23,3
DA:25,1
DA:26,1
DA:27,1
DA:29,1
DA:30,2
DA:34,1
LF:13
LH:13
BRF:0
BRH:0
end_of_record
TN:
SF:src/components/ProductList/state/Products.thunk.ts
FN:9,(anonymous_7)
FN:12,(anonymous_8)
FNF:2
FNH:2
FNDA:15,(anonymous_7)
FNDA:15,(anonymous_8)
DA:1,5
DA:2,5
DA:3,5
DA:4,5
DA:7,5
DA:12,15
DA:13,15
DA:14,15
DA:15,2
DA:16,1
DA:18,1
DA:21,1
DA:24,1
LF:13
LH:13
BRDA:10,0,0,0
BRDA:10,1,0,0
BRDA:15,2,0,1
BRDA:15,2,1,1
BRDA:21,3,0,1
BRDA:21,3,1,0
BRF:6
BRH:3
end_of_record
TN:
SF:src/constants/constants.ts
FNF:0
FNH:0
DA:1,6
DA:9,6
DA:11,6
DA:39,6
DA:72,6
DA:93,6
DA:94,6
LF:7
LH:7
BRF:0
BRH:0
end_of_record
TN:
SF:src/network/Network.ts
FN:4,(anonymous_8)
FN:4,(anonymous_9)
FNF:2
FNH:2
FNDA:12,(anonymous_8)
FNDA:12,(anonymous_9)
DA:1,5
DA:2,5
DA:4,12
DA:5,12
DA:6,0
LF:5
LH:4
BRF:0
BRH:0
end_of_record
TN:
SF:src/pages/Home/Home.tsx
FN:4,(anonymous_1)
FN:26,(anonymous_2)
FN:65,(anonymous_3)
FNF:3
FNH:3
FNDA:5,(anonymous_1)
FNDA:15,(anonymous_2)
FNDA:25,(anonymous_3)
DA:1,2
DA:2,2
DA:3,2
DA:4,2
DA:5,5
DA:27,15
DA:66,25
DA:67,25
DA:86,2
LF:9
LH:9
BRF:0
BRH:0
end_of_record
TN:
SF:src/pages/Shop/Shop.tsx
FN:3,(anonymous_1)
FNF:1
FNH:1
FNDA:3,(anonymous_1)
DA:1,2
DA:3,2
DA:4,3
DA:12,2
LF:4
LH:4
BRF:0
BRH:0
end_of_record
TN:
SF:src/test-utils/RenderRouter.tsx
FN:4,(anonymous_0)
FNF:1
FNH:1
FNDA:8,(anonymous_0)
DA:1,3
DA:2,3
DA:4,3
DA:5,8
DA:6,8
LF:5
LH:5
BRDA:4,0,0,4
BRDA:4,1,0,4
BRF:2
BRH:2
end_of_record
TN:
SF:src/test-utils/index.ts
FNF:0
FNH:0
DA:2,3
DA:3,3
LF:2
LH:2
BRF:0
BRH:0
end_of_record
TN:
SF:src/test-utils/test-store.tsx
FN:7,(anonymous_0)
FN:13,(anonymous_1)
FNF:2
FNH:2
FNDA:9,(anonymous_0)
FNDA:36,(anonymous_1)
DA:1,3
DA:3,3
DA:7,3
DA:11,9
DA:13,36
LF:5
LH:5
BRDA:8,0,0,0
BRDA:9,1,0,0
BRF:2
BRH:0
end_of_record
TN:
SF:src/test-utils/test-wrapper.tsx
FN:15,(anonymous_0)
FNF:1
FNH:1
FNDA:9,(anonymous_0)
DA:1,3
DA:4,3
DA:5,3
DA:15,3
DA:20,9
DA:21,9
LF:6
LH:6
BRDA:17,0,0,5
BRDA:18,1,0,6
BRF:2
BRH:2
end_of_record
TN:
SF:src/types/request-status.ts
FNF:0
FNH:0
DA:1,5
LF:1
LH:1
BRF:0
BRH:0
end_of_record
