TN:
SF:src/App.tsx
FN:9,App
FNF:1
FNH:1
FNDA:4,App
DA:1,1
DA:2,1
DA:3,1
DA:4,1
DA:5,1
DA:6,1
DA:7,1
DA:10,4
DA:26,1
LF:9
LH:9
BRF:0
BRH:0
end_of_record
TN:
SF:src/assets/images.ts
FNF:0
FNH:0
DA:1,6
DA:2,6
DA:3,6
DA:5,6
LF:4
LH:4
BRF:0
BRH:0
end_of_record
TN:
SF:src/components/Cart/Cart.tsx
FN:6,(anonymous_1)
FN:8,(anonymous_2)
FN:18,(anonymous_3)
FNF:3
FNH:3
FNDA:3,(anonymous_1)
FNDA:6,(anonymous_2)
FNDA:2,(anonymous_3)
DA:1,2
DA:3,2
DA:4,2
DA:6,2
DA:7,3
DA:8,6
DA:10,3
DA:19,2
DA:38,2
LF:9
LH:9
BRDA:25,0,0,2
BRDA:25,0,1,1
BRF:2
BRH:2
end_of_record
TN:
SF:src/components/Cart/state/Cart.slice.ts
FN:27,(anonymous_0)
FN:30,(anonymous_1)
FN:40,(anonymous_2)
FN:43,(anonymous_3)
FN:51,(anonymous_4)
FN:54,(anonymous_5)
FN:62,(anonymous_6)
FN:65,(anonymous_7)
FN:73,(anonymous_8)
FN:76,(anonymous_9)
FN:81,(anonymous_10)
FNF:11
FNH:5
FNDA:0,(anonymous_0)
FNDA:0,(anonymous_1)
FNDA:2,(anonymous_2)
FNDA:2,(anonymous_3)
FNDA:0,(anonymous_4)
FNDA:0,(anonymous_5)
FNDA:1,(anonymous_6)
FNDA:1,(anonymous_7)
FNDA:1,(anonymous_8)
FNDA:0,(anonymous_9)
FNDA:0,(anonymous_10)
DA:1,9
DA:16,9
DA:23,9
DA:28,0
DA:29,0
DA:30,0
DA:32,0
DA:33,0
DA:35,0
DA:37,0
DA:38,0
DA:41,2
DA:42,2
DA:43,2
DA:45,2
DA:46,2
DA:48,2
DA:49,2
DA:52,0
DA:53,0
DA:54,0
DA:56,0
DA:57,0
DA:59,0
DA:60,0
DA:63,1
DA:64,1
DA:65,1
DA:67,1
DA:68,1
DA:70,1
DA:72,1
DA:73,1
DA:77,0
DA:78,0
DA:79,0
DA:82,0
DA:87,9
DA:88,9
LF:39
LH:20
BRDA:32,0,0,0
BRDA:32,0,1,0
BRDA:45,1,0,2
BRDA:45,1,1,0
BRDA:48,2,0,2
BRDA:48,2,1,0
BRDA:48,3,0,0
BRDA:48,3,1,2
BRDA:48,4,0,2
BRDA:48,4,1,2
BRDA:56,5,0,0
BRDA:56,5,1,0
BRDA:59,6,0,0
BRDA:59,6,1,0
BRDA:59,7,0,0
BRDA:59,7,1,0
BRDA:59,8,0,0
BRDA:59,8,1,0
BRDA:67,9,0,1
BRDA:67,9,1,0
BRDA:69,10,0,1
BRDA:69,10,1,0
BRDA:69,10,2,0
BRDA:69,11,0,0
BRDA:69,11,1,1
BRDA:69,12,0,1
BRDA:69,12,1,1
BRDA:69,13,0,0
BRDA:69,13,1,0
BRDA:69,14,0,0
BRDA:69,14,1,0
BRDA:70,15,0,1
BRDA:70,15,1,0
BRDA:70,16,0,0
BRDA:70,16,1,1
BRDA:70,17,0,1
BRDA:70,17,1,1
BRF:37
BRH:14
end_of_record
TN:
SF:src/components/CartProduct/CartProduct.tsx
FN:10,(anonymous_0)
FN:18,(anonymous_1)
FN:20,(anonymous_2)
FN:23,(anonymous_3)
FN:27,(anonymous_4)
FN:31,(anonymous_5)
FNF:6
FNH:5
FNDA:7,(anonymous_0)
FNDA:17,(anonymous_1)
FNDA:5,(anonymous_2)
FNDA:2,(anonymous_3)
FNDA:0,(anonymous_4)
FNDA:1,(anonymous_5)
DA:1,3
DA:4,3
DA:7,3
DA:8,3
DA:10,3
DA:11,7
DA:16,7
DA:18,17
DA:19,7
DA:20,5
DA:23,7
DA:24,2
DA:27,7
DA:28,0
DA:31,7
DA:32,1
DA:35,7
DA:77,3
LF:18
LH:17
BRDA:42,0,0,2
BRDA:42,0,1,5
BRDA:42,1,0,7
BRDA:42,1,1,7
BRDA:43,2,0,2
BRDA:43,2,1,5
BRDA:43,3,0,7
BRDA:43,3,1,7
BRDA:50,4,0,2
BRDA:50,4,1,5
BRDA:50,5,0,7
BRDA:50,5,1,7
BRDA:56,6,0,2
BRDA:56,6,1,5
BRDA:56,7,0,7
BRDA:56,7,1,7
BRF:16
BRH:16
end_of_record
TN:
SF:src/components/CartTotal/CartTotal.tsx
FN:8,(anonymous_1)
FN:10,(anonymous_2)
FN:20,(anonymous_3)
FN:24,(anonymous_4)
FN:31,(anonymous_5)
FN:41,(anonymous_6)
FN:55,(anonymous_7)
FNF:7
FNH:2
FNDA:6,(anonymous_1)
FNDA:12,(anonymous_2)
FNDA:0,(anonymous_3)
FNDA:0,(anonymous_4)
FNDA:0,(anonymous_5)
FNDA:0,(anonymous_6)
FNDA:0,(anonymous_7)
DA:1,3
DA:3,3
DA:4,3
DA:5,3
DA:6,3
DA:8,3
DA:9,6
DA:10,12
DA:13,6
DA:15,6
DA:16,6
DA:18,6
DA:20,6
DA:21,0
DA:24,6
DA:25,0
DA:32,0
DA:33,0
DA:41,6
DA:42,0
DA:45,6
DA:56,0
DA:82,3
LF:23
LH:17
BRDA:61,0,0,6
BRDA:61,0,1,0
BRF:2
BRH:1
end_of_record
TN:
SF:src/components/Checkout/Checkout.tsx
FN:19,(anonymous_1)
FN:20,(anonymous_2)
FN:42,(anonymous_3)
FN:42,(anonymous_4)
FN:43,(anonymous_5)
FN:47,(anonymous_6)
FN:51,(anonymous_7)
FN:102,(anonymous_8)
FN:106,(anonymous_9)
FN:118,(anonymous_10)
FNF:10
FNH:3
FNDA:7,(anonymous_1)
FNDA:14,(anonymous_2)
FNDA:42,(anonymous_3)
FNDA:0,(anonymous_4)
FNDA:0,(anonymous_5)
FNDA:0,(anonymous_6)
FNDA:0,(anonymous_7)
FNDA:0,(anonymous_8)
FNDA:0,(anonymous_9)
FNDA:0,(anonymous_10)
DA:1,2
DA:2,2
DA:3,2
DA:5,2
DA:6,2
DA:7,2
DA:19,2
DA:20,14
DA:21,7
DA:22,7
DA:23,7
DA:32,7
DA:42,42
DA:43,0
DA:46,0
DA:47,0
DA:51,7
DA:52,0
DA:62,0
DA:63,0
DA:67,0
DA:68,0
DA:69,0
DA:70,0
DA:74,0
DA:75,0
DA:77,0
DA:78,0
DA:79,0
DA:84,0
DA:85,0
DA:89,0
DA:90,0
DA:94,0
DA:95,0
DA:96,0
DA:97,0
DA:100,0
DA:101,0
DA:102,0
DA:106,7
DA:107,0
DA:109,0
DA:110,0
DA:111,0
DA:112,0
DA:114,0
DA:118,7
DA:119,0
DA:127,0
DA:137,7
DA:272,2
LF:52
LH:18
BRDA:46,0,0,0
BRDA:46,0,1,0
BRDA:62,1,0,0
BRDA:62,1,1,0
BRDA:67,2,0,0
BRDA:67,2,1,0
BRDA:69,3,0,0
BRDA:69,3,1,0
BRDA:74,4,0,0
BRDA:74,4,1,0
BRDA:78,5,0,0
BRDA:78,5,1,0
BRDA:84,6,0,0
BRDA:84,6,1,0
BRDA:89,7,0,0
BRDA:89,7,1,0
BRDA:94,8,0,0
BRDA:94,8,1,0
BRDA:96,9,0,0
BRDA:96,9,1,0
BRDA:109,10,0,0
BRDA:109,10,1,0
BRF:22
BRH:0
end_of_record
TN:
SF:src/components/Footer/Footer.tsx
FN:3,(anonymous_0)
FNF:1
FNH:1
FNDA:5,(anonymous_0)
DA:1,2
DA:3,2
DA:4,5
DA:23,2
LF:4
LH:4
BRF:0
BRH:0
end_of_record
TN:
SF:src/components/Navbar/Navbar.tsx
FN:7,(anonymous_0)
FN:8,(anonymous_1)
FN:13,(anonymous_2)
FN:18,(anonymous_3)
FN:46,(anonymous_4)
FNF:5
FNH:4
FNDA:51,(anonymous_0)
FNDA:102,(anonymous_1)
FNDA:204,(anonymous_2)
FNDA:204,(anonymous_3)
FNDA:0,(anonymous_4)
DA:1,5
DA:2,5
DA:3,5
DA:5,5
DA:7,5
DA:8,102
DA:9,51
DA:10,51
DA:13,51
DA:14,204
DA:18,51
DA:19,204
DA:20,204
DA:22,204
DA:25,51
DA:46,0
DA:80,5
LF:17
LH:16
BRDA:22,0,0,50
BRDA:22,0,1,154
BRF:2
BRH:2
end_of_record
TN:
SF:src/components/Product/Product.tsx
FN:7,(anonymous_0)
FN:10,(anonymous_1)
FNF:2
FNH:2
FNDA:13,(anonymous_0)
FNDA:1,(anonymous_1)
DA:1,5
DA:3,5
DA:4,5
DA:7,5
DA:8,13
DA:10,13
DA:11,1
DA:20,13
DA:57,5
LF:9
LH:9
BRF:0
BRH:0
end_of_record
TN:
SF:src/components/ProductList/ProductList.tsx
FN:15,(anonymous_1)
FN:19,(anonymous_2)
FN:22,(anonymous_3)
FN:42,(anonymous_4)
FNF:4
FNH:4
FNDA:24,(anonymous_1)
FNDA:48,(anonymous_2)
FNDA:12,(anonymous_3)
FNDA:10,(anonymous_4)
DA:2,4
DA:3,4
DA:5,4
DA:6,4
DA:8,4
DA:15,4
DA:16,24
DA:18,24
DA:19,48
DA:22,24
DA:23,12
DA:26,24
DA:43,10
DA:53,4
LF:14
LH:14
BRDA:28,0,0,24
BRDA:28,0,1,2
BRDA:34,1,0,24
BRDA:34,1,1,2
BRDA:40,2,0,24
BRDA:40,2,1,20
BRF:6
BRH:6
end_of_record
TN:
SF:src/components/ProductList/state/Products.slice.ts
FN:21,(anonymous_0)
FN:22,(anonymous_1)
FN:25,(anonymous_2)
FN:29,(anonymous_3)
FNF:4
FNH:4
FNDA:1,(anonymous_0)
FNDA:3,(anonymous_1)
FNDA:1,(anonymous_2)
FNDA:2,(anonymous_3)
DA:1,1
DA:3,1
DA:5,1
DA:12,1
DA:17,1
DA:22,1
DA:23,3
DA:25,1
DA:26,1
DA:27,1
DA:29,1
DA:30,2
DA:34,1
LF:13
LH:13
BRF:0
BRH:0
end_of_record
TN:
SF:src/components/ProductList/state/Products.thunk.ts
FN:9,(anonymous_7)
FN:12,(anonymous_8)
FNF:2
FNH:2
FNDA:15,(anonymous_7)
FNDA:15,(anonymous_8)
DA:1,5
DA:2,5
DA:3,5
DA:4,5
DA:7,5
DA:12,15
DA:13,15
DA:14,15
DA:15,2
DA:16,1
DA:18,1
DA:21,1
DA:24,1
LF:13
LH:13
BRDA:10,0,0,0
BRDA:10,1,0,0
BRDA:15,2,0,1
BRDA:15,2,1,1
BRDA:21,3,0,1
BRDA:21,3,1,0
BRF:6
BRH:3
end_of_record
TN:
SF:src/components/modal/Modal.tsx
FN:13,(anonymous_1)
FN:22,(anonymous_2)
FN:27,(anonymous_3)
FNF:3
FNH:3
FNDA:15,(anonymous_1)
FNDA:3,(anonymous_2)
FNDA:2,(anonymous_3)
DA:1,4
DA:13,4
DA:22,15
DA:23,3
DA:24,3
DA:27,15
DA:28,2
DA:29,2
DA:32,15
DA:92,4
LF:10
LH:10
BRDA:17,0,0,14
BRDA:18,1,0,14
BRDA:24,2,0,2
BRDA:24,2,1,1
BRDA:24,3,0,3
BRDA:24,3,1,3
BRDA:29,4,0,1
BRDA:29,4,1,1
BRDA:29,5,0,2
BRDA:29,5,1,2
BRDA:37,6,0,15
BRDA:37,6,1,15
BRDA:66,7,0,15
BRDA:66,7,1,14
BRDA:77,8,0,15
BRDA:77,8,1,14
BRF:16
BRH:16
end_of_record
TN:
SF:src/components/text-input/TextInput.tsx
FN:18,(anonymous_0)
FN:35,(anonymous_1)
FN:67,(anonymous_2)
FN:87,(anonymous_3)
FNF:4
FNH:4
FNDA:99,(anonymous_0)
FNDA:22,(anonymous_1)
FNDA:33,(anonymous_2)
FNDA:34,(anonymous_3)
DA:1,3
DA:18,3
DA:32,99
DA:35,99
DA:37,22
DA:40,22
DA:43,22
DA:44,6
DA:45,16
DA:46,6
DA:47,10
DA:48,9
DA:51,1
DA:53,1
DA:59,0
DA:66,99
DA:68,33
DA:71,33
DA:72,21
DA:76,33
DA:79,33
DA:80,4
DA:86,99
DA:89,34
DA:90,1
DA:91,1
DA:92,1
DA:94,1
DA:95,1
DA:96,1
DA:98,1
DA:99,1
DA:100,0
DA:109,99
DA:112,99
DA:115,99
DA:118,99
DA:127,99
DA:166,3
LF:39
LH:37
BRDA:20,0,0,29
BRDA:22,1,0,96
BRDA:26,2,0,56
BRDA:27,3,0,97
BRDA:29,4,0,98
BRDA:40,5,0,0
BRDA:40,5,1,22
BRDA:43,6,0,6
BRDA:43,6,1,16
BRDA:45,7,0,6
BRDA:45,7,1,10
BRDA:47,8,0,9
BRDA:47,8,1,1
BRDA:51,9,0,1
BRDA:51,9,1,0
BRDA:51,10,0,1
BRDA:51,10,1,1
BRDA:71,11,0,21
BRDA:71,11,1,12
BRDA:79,12,0,4
BRDA:79,12,1,29
BRDA:89,13,0,1
BRDA:89,13,1,33
BRDA:89,14,0,34
BRDA:89,14,1,22
BRDA:91,15,0,0
BRDA:91,15,1,1
BRDA:94,16,0,1
BRDA:94,16,1,0
BRDA:99,17,0,0
BRDA:99,17,1,1
BRDA:109,18,0,33
BRDA:109,18,1,66
BRDA:112,19,0,99
BRDA:112,19,1,55
BRDA:115,20,0,42
BRDA:115,20,1,57
BRDA:120,21,0,2
BRDA:120,21,1,97
BRDA:121,22,0,1
BRDA:121,22,1,98
BRDA:129,23,0,99
BRDA:129,23,1,97
BRDA:135,24,0,97
BRDA:135,24,1,43
BRDA:149,25,0,2
BRDA:149,25,1,97
BRDA:150,26,0,2
BRDA:150,26,1,97
BRDA:153,27,0,99
BRDA:153,27,1,2
BRF:51
BRH:46
end_of_record
TN:
SF:src/constants/constants.ts
FNF:0
FNH:0
DA:1,6
DA:9,6
DA:11,6
DA:39,6
DA:72,6
DA:93,6
DA:94,6
LF:7
LH:7
BRF:0
BRH:0
end_of_record
TN:
SF:src/network/Network.ts
FN:4,(anonymous_8)
FN:4,(anonymous_9)
FNF:2
FNH:2
FNDA:12,(anonymous_8)
FNDA:12,(anonymous_9)
DA:1,5
DA:2,5
DA:4,12
DA:5,12
DA:6,0
LF:5
LH:4
BRF:0
BRH:0
end_of_record
TN:
SF:src/pages/Home/Home.tsx
FN:4,(anonymous_1)
FN:26,(anonymous_2)
FN:65,(anonymous_3)
FNF:3
FNH:3
FNDA:5,(anonymous_1)
FNDA:15,(anonymous_2)
FNDA:25,(anonymous_3)
DA:1,2
DA:2,2
DA:3,2
DA:4,2
DA:5,5
DA:27,15
DA:66,25
DA:67,25
DA:86,2
LF:9
LH:9
BRF:0
BRH:0
end_of_record
TN:
SF:src/pages/Shop/Shop.tsx
FN:3,(anonymous_1)
FNF:1
FNH:1
FNDA:3,(anonymous_1)
DA:1,2
DA:3,2
DA:4,3
DA:12,2
LF:4
LH:4
BRF:0
BRH:0
end_of_record
TN:
SF:src/test-utils/RenderRouter.tsx
FN:4,(anonymous_0)
FNF:1
FNH:1
FNDA:9,(anonymous_0)
DA:1,3
DA:2,3
DA:4,3
DA:5,9
DA:6,9
LF:5
LH:5
BRDA:4,0,0,4
BRDA:4,1,0,4
BRF:2
BRH:2
end_of_record
TN:
SF:src/test-utils/index.ts
FNF:0
FNH:0
DA:2,5
DA:3,5
LF:2
LH:2
BRF:0
BRH:0
end_of_record
TN:
SF:src/test-utils/test-store.tsx
FN:7,(anonymous_0)
FN:13,(anonymous_1)
FNF:2
FNH:2
FNDA:17,(anonymous_0)
FNDA:61,(anonymous_1)
DA:1,5
DA:3,5
DA:7,5
DA:11,17
DA:13,61
LF:5
LH:5
BRDA:8,0,0,0
BRDA:9,1,0,0
BRF:2
BRH:0
end_of_record
TN:
SF:src/test-utils/test-wrapper.tsx
FN:15,(anonymous_0)
FNF:1
FNH:1
FNDA:17,(anonymous_0)
DA:1,5
DA:4,5
DA:5,5
DA:15,5
DA:20,17
DA:21,17
LF:6
LH:6
BRDA:17,0,0,13
BRDA:18,1,0,14
BRF:2
BRH:2
end_of_record
TN:
SF:src/types/request-status.ts
FNF:0
FNH:0
DA:1,7
LF:1
LH:1
BRF:0
BRH:0
end_of_record
